{"/Users/liornabat/development/projects/kubemq/clients/kubemq-nestjs/src/constants.ts": {"path":"/Users/liornabat/development/projects/kubemq/clients/kubemq-nestjs/src/constants.ts","all":false,"statementMap":{"0":{"start":{"line":1,"column":0},"end":{"line":1,"column":41}},"1":{"start":{"line":2,"column":0},"end":{"line":2,"column":61}},"3":{"start":{"line":4,"column":0},"end":{"line":4,"column":56}},"4":{"start":{"line":5,"column":0},"end":{"line":5,"column":53}},"6":{"start":{"line":7,"column":0},"end":{"line":7,"column":44}},"7":{"start":{"line":8,"column":0},"end":{"line":8,"column":34}},"8":{"start":{"line":9,"column":0},"end":{"line":9,"column":38}},"9":{"start":{"line":10,"column":0},"end":{"line":10,"column":54}},"11":{"start":{"line":12,"column":0},"end":{"line":12,"column":53}},"12":{"start":{"line":13,"column":0},"end":{"line":13,"column":49}},"13":{"start":{"line":14,"column":0},"end":{"line":14,"column":55}},"14":{"start":{"line":15,"column":0},"end":{"line":15,"column":45}},"15":{"start":{"line":16,"column":0},"end":{"line":16,"column":43}}},"s":{"0":1,"1":1,"3":1,"4":1,"6":1,"7":1,"8":1,"9":1,"11":1,"12":1,"13":1,"14":1,"15":1},"branchMap":{},"b":{},"fnMap":{},"f":{}}
,"/Users/liornabat/development/projects/kubemq/clients/kubemq-nestjs/src/circuit-breaker/circuit-breaker.ts": {"path":"/Users/liornabat/development/projects/kubemq/clients/kubemq-nestjs/src/circuit-breaker/circuit-breaker.ts","all":false,"statementMap":{"0":{"start":{"line":1,"column":0},"end":{"line":1,"column":77}},"5":{"start":{"line":6,"column":0},"end":{"line":6,"column":29}},"6":{"start":{"line":7,"column":0},"end":{"line":7,"column":48}},"7":{"start":{"line":8,"column":0},"end":{"line":8,"column":23}},"8":{"start":{"line":9,"column":0},"end":{"line":9,"column":30}},"9":{"start":{"line":10,"column":0},"end":{"line":10,"column":66}},"11":{"start":{"line":12,"column":0},"end":{"line":12,"column":44}},"12":{"start":{"line":13,"column":0},"end":{"line":13,"column":40}},"13":{"start":{"line":14,"column":0},"end":{"line":14,"column":44}},"14":{"start":{"line":15,"column":0},"end":{"line":15,"column":90}},"16":{"start":{"line":17,"column":0},"end":{"line":17,"column":14}},"17":{"start":{"line":18,"column":0},"end":{"line":18,"column":35}},"18":{"start":{"line":19,"column":0},"end":{"line":19,"column":75}},"19":{"start":{"line":20,"column":0},"end":{"line":20,"column":5}},"20":{"start":{"line":21,"column":0},"end":{"line":21,"column":58}},"21":{"start":{"line":22,"column":0},"end":{"line":22,"column":55}},"22":{"start":{"line":23,"column":0},"end":{"line":23,"column":58}},"23":{"start":{"line":24,"column":0},"end":{"line":24,"column":39}},"24":{"start":{"line":25,"column":0},"end":{"line":25,"column":3}},"26":{"start":{"line":27,"column":0},"end":{"line":27,"column":35}},"27":{"start":{"line":28,"column":0},"end":{"line":28,"column":22}},"28":{"start":{"line":29,"column":0},"end":{"line":29,"column":3}},"30":{"start":{"line":31,"column":0},"end":{"line":31,"column":25}},"31":{"start":{"line":32,"column":0},"end":{"line":32,"column":25}},"32":{"start":{"line":33,"column":0},"end":{"line":33,"column":3}},"34":{"start":{"line":35,"column":0},"end":{"line":35,"column":17}},"35":{"start":{"line":36,"column":0},"end":{"line":36,"column":32}},"36":{"start":{"line":37,"column":0},"end":{"line":37,"column":48}},"37":{"start":{"line":38,"column":0},"end":{"line":38,"column":5}},"38":{"start":{"line":39,"column":0},"end":{"line":39,"column":37}},"39":{"start":{"line":40,"column":0},"end":{"line":40,"column":38}},"40":{"start":{"line":41,"column":0},"end":{"line":41,"column":55}},"41":{"start":{"line":42,"column":0},"end":{"line":42,"column":7}},"42":{"start":{"line":43,"column":0},"end":{"line":43,"column":29}},"43":{"start":{"line":44,"column":0},"end":{"line":44,"column":5}},"44":{"start":{"line":45,"column":0},"end":{"line":45,"column":3}},"46":{"start":{"line":47,"column":0},"end":{"line":47,"column":25}},"47":{"start":{"line":48,"column":0},"end":{"line":48,"column":37}},"48":{"start":{"line":49,"column":0},"end":{"line":49,"column":34}},"49":{"start":{"line":50,"column":0},"end":{"line":50,"column":5}},"50":{"start":{"line":51,"column":0},"end":{"line":51,"column":22}},"51":{"start":{"line":52,"column":0},"end":{"line":52,"column":3}},"53":{"start":{"line":54,"column":0},"end":{"line":54,"column":25}},"54":{"start":{"line":55,"column":0},"end":{"line":55,"column":20}},"55":{"start":{"line":56,"column":0},"end":{"line":56,"column":37}},"56":{"start":{"line":57,"column":0},"end":{"line":57,"column":32}},"57":{"start":{"line":58,"column":0},"end":{"line":58,"column":13}},"58":{"start":{"line":59,"column":0},"end":{"line":59,"column":5}},"59":{"start":{"line":60,"column":0},"end":{"line":60,"column":76}},"60":{"start":{"line":61,"column":0},"end":{"line":61,"column":32}},"61":{"start":{"line":62,"column":0},"end":{"line":62,"column":5}},"62":{"start":{"line":63,"column":0},"end":{"line":63,"column":3}},"64":{"start":{"line":65,"column":0},"end":{"line":65,"column":19}},"65":{"start":{"line":66,"column":0},"end":{"line":66,"column":26}},"66":{"start":{"line":67,"column":0},"end":{"line":67,"column":36}},"67":{"start":{"line":68,"column":0},"end":{"line":68,"column":29}},"68":{"start":{"line":69,"column":0},"end":{"line":69,"column":5}},"69":{"start":{"line":70,"column":0},"end":{"line":70,"column":3}},"71":{"start":{"line":72,"column":0},"end":{"line":72,"column":61}},"72":{"start":{"line":73,"column":0},"end":{"line":73,"column":40}},"73":{"start":{"line":74,"column":0},"end":{"line":74,"column":26}},"75":{"start":{"line":76,"column":0},"end":{"line":76,"column":26}},"76":{"start":{"line":77,"column":0},"end":{"line":77,"column":36}},"77":{"start":{"line":78,"column":0},"end":{"line":78,"column":29}},"78":{"start":{"line":79,"column":0},"end":{"line":79,"column":5}},"80":{"start":{"line":81,"column":0},"end":{"line":81,"column":30}},"81":{"start":{"line":82,"column":0},"end":{"line":82,"column":42}},"82":{"start":{"line":83,"column":0},"end":{"line":83,"column":53}},"83":{"start":{"line":84,"column":0},"end":{"line":84,"column":39}},"84":{"start":{"line":85,"column":0},"end":{"line":85,"column":28}},"85":{"start":{"line":86,"column":0},"end":{"line":86,"column":30}},"86":{"start":{"line":87,"column":0},"end":{"line":87,"column":5}},"88":{"start":{"line":89,"column":0},"end":{"line":89,"column":32}},"89":{"start":{"line":90,"column":0},"end":{"line":90,"column":24}},"90":{"start":{"line":91,"column":0},"end":{"line":91,"column":5}},"92":{"start":{"line":93,"column":0},"end":{"line":93,"column":50}},"93":{"start":{"line":94,"column":0},"end":{"line":94,"column":3}},"94":{"start":{"line":95,"column":0},"end":{"line":95,"column":1}}},"s":{"0":1,"5":1,"6":1,"7":12,"8":12,"9":12,"11":12,"12":12,"13":12,"14":12,"16":1,"17":12,"18":12,"19":12,"20":12,"21":12,"22":12,"23":12,"24":12,"26":1,"27":13,"28":13,"30":1,"31":2,"32":2,"34":1,"35":9,"36":4,"37":4,"38":7,"39":2,"40":0,"41":0,"42":2,"43":2,"44":9,"46":1,"47":2,"48":1,"49":1,"50":2,"51":2,"53":1,"54":15,"55":15,"56":1,"57":1,"58":1,"59":15,"60":11,"61":11,"62":15,"64":1,"65":12,"66":9,"67":9,"68":9,"69":12,"71":1,"72":16,"73":16,"75":16,"76":3,"77":3,"78":3,"80":16,"81":12,"82":3,"83":3,"84":12,"85":12,"86":12,"88":16,"89":1,"90":1,"92":16,"93":16,"94":1},"branchMap":{"0":{"type":"branch","line":7,"loc":{"start":{"line":7,"column":10},"end":{"line":15,"column":90}},"locations":[{"start":{"line":7,"column":10},"end":{"line":15,"column":90}}]},"1":{"type":"branch","line":17,"loc":{"start":{"line":17,"column":2},"end":{"line":25,"column":3}},"locations":[{"start":{"line":17,"column":2},"end":{"line":25,"column":3}}]},"2":{"type":"branch","line":21,"loc":{"start":{"line":21,"column":36},"end":{"line":21,"column":58}},"locations":[{"start":{"line":21,"column":36},"end":{"line":21,"column":58}}]},"3":{"type":"branch","line":22,"loc":{"start":{"line":22,"column":32},"end":{"line":22,"column":55}},"locations":[{"start":{"line":22,"column":32},"end":{"line":22,"column":55}}]},"4":{"type":"branch","line":23,"loc":{"start":{"line":23,"column":36},"end":{"line":23,"column":58}},"locations":[{"start":{"line":23,"column":36},"end":{"line":23,"column":58}}]},"5":{"type":"branch","line":27,"loc":{"start":{"line":27,"column":2},"end":{"line":29,"column":3}},"locations":[{"start":{"line":27,"column":2},"end":{"line":29,"column":3}}]},"6":{"type":"branch","line":31,"loc":{"start":{"line":31,"column":2},"end":{"line":33,"column":3}},"locations":[{"start":{"line":31,"column":2},"end":{"line":33,"column":3}}]},"7":{"type":"branch","line":35,"loc":{"start":{"line":35,"column":2},"end":{"line":45,"column":3}},"locations":[{"start":{"line":35,"column":2},"end":{"line":45,"column":3}}]},"8":{"type":"branch","line":36,"loc":{"start":{"line":36,"column":31},"end":{"line":44,"column":5}},"locations":[{"start":{"line":36,"column":31},"end":{"line":44,"column":5}}]},"9":{"type":"branch","line":36,"loc":{"start":{"line":36,"column":31},"end":{"line":38,"column":5}},"locations":[{"start":{"line":36,"column":31},"end":{"line":38,"column":5}}]},"10":{"type":"branch","line":38,"loc":{"start":{"line":38,"column":4},"end":{"line":39,"column":36}},"locations":[{"start":{"line":38,"column":4},"end":{"line":39,"column":36}}]},"11":{"type":"branch","line":39,"loc":{"start":{"line":39,"column":36},"end":{"line":44,"column":5}},"locations":[{"start":{"line":39,"column":36},"end":{"line":44,"column":5}}]},"12":{"type":"branch","line":40,"loc":{"start":{"line":40,"column":37},"end":{"line":42,"column":7}},"locations":[{"start":{"line":40,"column":37},"end":{"line":42,"column":7}}]},"13":{"type":"branch","line":47,"loc":{"start":{"line":47,"column":2},"end":{"line":52,"column":3}},"locations":[{"start":{"line":47,"column":2},"end":{"line":52,"column":3}}]},"14":{"type":"branch","line":48,"loc":{"start":{"line":48,"column":36},"end":{"line":50,"column":5}},"locations":[{"start":{"line":48,"column":36},"end":{"line":50,"column":5}}]},"15":{"type":"branch","line":54,"loc":{"start":{"line":54,"column":2},"end":{"line":63,"column":3}},"locations":[{"start":{"line":54,"column":2},"end":{"line":63,"column":3}}]},"16":{"type":"branch","line":56,"loc":{"start":{"line":56,"column":36},"end":{"line":59,"column":5}},"locations":[{"start":{"line":56,"column":36},"end":{"line":59,"column":5}}]},"17":{"type":"branch","line":59,"loc":{"start":{"line":59,"column":4},"end":{"line":60,"column":75}},"locations":[{"start":{"line":59,"column":4},"end":{"line":60,"column":75}}]},"18":{"type":"branch","line":60,"loc":{"start":{"line":60,"column":75},"end":{"line":62,"column":5}},"locations":[{"start":{"line":60,"column":75},"end":{"line":62,"column":5}}]},"19":{"type":"branch","line":65,"loc":{"start":{"line":65,"column":2},"end":{"line":70,"column":3}},"locations":[{"start":{"line":65,"column":2},"end":{"line":70,"column":3}}]},"20":{"type":"branch","line":66,"loc":{"start":{"line":66,"column":25},"end":{"line":69,"column":5}},"locations":[{"start":{"line":66,"column":25},"end":{"line":69,"column":5}}]},"21":{"type":"branch","line":72,"loc":{"start":{"line":72,"column":10},"end":{"line":94,"column":3}},"locations":[{"start":{"line":72,"column":10},"end":{"line":94,"column":3}}]},"22":{"type":"branch","line":73,"loc":{"start":{"line":73,"column":33},"end":{"line":73,"column":40}},"locations":[{"start":{"line":73,"column":33},"end":{"line":73,"column":40}}]},"23":{"type":"branch","line":76,"loc":{"start":{"line":76,"column":25},"end":{"line":79,"column":5}},"locations":[{"start":{"line":76,"column":25},"end":{"line":79,"column":5}}]},"24":{"type":"branch","line":81,"loc":{"start":{"line":81,"column":29},"end":{"line":87,"column":5}},"locations":[{"start":{"line":81,"column":29},"end":{"line":87,"column":5}}]},"25":{"type":"branch","line":89,"loc":{"start":{"line":89,"column":31},"end":{"line":91,"column":5}},"locations":[{"start":{"line":89,"column":31},"end":{"line":91,"column":5}}]},"26":{"type":"branch","line":93,"loc":{"start":{"line":93,"column":9},"end":{"line":93,"column":50}},"locations":[{"start":{"line":93,"column":9},"end":{"line":93,"column":50}}]},"27":{"type":"branch","line":82,"loc":{"start":{"line":82,"column":35},"end":{"line":85,"column":9}},"locations":[{"start":{"line":82,"column":35},"end":{"line":85,"column":9}}]}},"b":{"0":[12],"1":[12],"2":[0],"3":[0],"4":[10],"5":[13],"6":[2],"7":[9],"8":[7],"9":[4],"10":[5],"11":[2],"12":[0],"13":[2],"14":[1],"15":[15],"16":[1],"17":[14],"18":[11],"19":[12],"20":[9],"21":[16],"22":[0],"23":[3],"24":[12],"25":[1],"26":[6],"27":[3]},"fnMap":{"0":{"name":"<instance_members_initializer>","decl":{"start":{"line":7,"column":10},"end":{"line":15,"column":90}},"loc":{"start":{"line":7,"column":10},"end":{"line":15,"column":90}},"line":7},"1":{"name":"CircuitBreaker","decl":{"start":{"line":17,"column":2},"end":{"line":25,"column":3}},"loc":{"start":{"line":17,"column":2},"end":{"line":25,"column":3}},"line":17},"2":{"name":"getState","decl":{"start":{"line":27,"column":2},"end":{"line":29,"column":3}},"loc":{"start":{"line":27,"column":2},"end":{"line":29,"column":3}},"line":27},"3":{"name":"getFailures","decl":{"start":{"line":31,"column":2},"end":{"line":33,"column":3}},"loc":{"start":{"line":31,"column":2},"end":{"line":33,"column":3}},"line":31},"4":{"name":"guard","decl":{"start":{"line":35,"column":2},"end":{"line":45,"column":3}},"loc":{"start":{"line":35,"column":2},"end":{"line":45,"column":3}},"line":35},"5":{"name":"recordSuccess","decl":{"start":{"line":47,"column":2},"end":{"line":52,"column":3}},"loc":{"start":{"line":47,"column":2},"end":{"line":52,"column":3}},"line":47},"6":{"name":"recordFailure","decl":{"start":{"line":54,"column":2},"end":{"line":63,"column":3}},"loc":{"start":{"line":54,"column":2},"end":{"line":63,"column":3}},"line":54},"7":{"name":"destroy","decl":{"start":{"line":65,"column":2},"end":{"line":70,"column":3}},"loc":{"start":{"line":65,"column":2},"end":{"line":70,"column":3}},"line":65},"8":{"name":"transitionTo","decl":{"start":{"line":72,"column":10},"end":{"line":94,"column":3}},"loc":{"start":{"line":72,"column":10},"end":{"line":94,"column":3}},"line":72}},"f":{"0":12,"1":12,"2":13,"3":2,"4":9,"5":2,"6":15,"7":12,"8":16}}
,"/Users/liornabat/development/projects/kubemq/clients/kubemq-nestjs/src/client/kubemq-client.proxy.ts": {"path":"/Users/liornabat/development/projects/kubemq/clients/kubemq-nestjs/src/client/kubemq-client.proxy.ts","all":false,"statementMap":{"0":{"start":{"line":1,"column":0},"end":{"line":1,"column":77}},"1":{"start":{"line":2,"column":0},"end":{"line":2,"column":63}},"2":{"start":{"line":3,"column":0},"end":{"line":3,"column":85}},"5":{"start":{"line":6,"column":0},"end":{"line":6,"column":112}},"6":{"start":{"line":7,"column":0},"end":{"line":7,"column":86}},"7":{"start":{"line":8,"column":0},"end":{"line":8,"column":52}},"8":{"start":{"line":9,"column":0},"end":{"line":9,"column":77}},"9":{"start":{"line":10,"column":0},"end":{"line":10,"column":52}},"10":{"start":{"line":11,"column":0},"end":{"line":11,"column":75}},"11":{"start":{"line":12,"column":0},"end":{"line":12,"column":58}},"12":{"start":{"line":13,"column":0},"end":{"line":13,"column":71}},"13":{"start":{"line":14,"column":0},"end":{"line":14,"column":75}},"14":{"start":{"line":15,"column":0},"end":{"line":15,"column":65}},"16":{"start":{"line":17,"column":0},"end":{"line":17,"column":23}},"17":{"start":{"line":18,"column":0},"end":{"line":18,"column":31}},"18":{"start":{"line":19,"column":0},"end":{"line":19,"column":32}},"19":{"start":{"line":20,"column":0},"end":{"line":20,"column":27}},"20":{"start":{"line":21,"column":0},"end":{"line":21,"column":26}},"21":{"start":{"line":22,"column":0},"end":{"line":22,"column":24}},"22":{"start":{"line":23,"column":0},"end":{"line":23,"column":46}},"23":{"start":{"line":24,"column":0},"end":{"line":24,"column":42}},"24":{"start":{"line":25,"column":0},"end":{"line":25,"column":15}},"25":{"start":{"line":26,"column":0},"end":{"line":26,"column":3}},"26":{"start":{"line":27,"column":0},"end":{"line":27,"column":13}},"27":{"start":{"line":28,"column":0},"end":{"line":28,"column":1}},"29":{"start":{"line":30,"column":0},"end":{"line":30,"column":85}},"30":{"start":{"line":31,"column":0},"end":{"line":31,"column":62}},"31":{"start":{"line":32,"column":0},"end":{"line":32,"column":50}},"32":{"start":{"line":33,"column":0},"end":{"line":33,"column":50}},"33":{"start":{"line":34,"column":0},"end":{"line":34,"column":54}},"34":{"start":{"line":35,"column":0},"end":{"line":35,"column":26}},"35":{"start":{"line":36,"column":0},"end":{"line":36,"column":42}},"36":{"start":{"line":37,"column":0},"end":{"line":37,"column":86}},"38":{"start":{"line":39,"column":0},"end":{"line":39,"column":45}},"39":{"start":{"line":40,"column":0},"end":{"line":40,"column":12}},"40":{"start":{"line":41,"column":0},"end":{"line":41,"column":27}},"41":{"start":{"line":42,"column":0},"end":{"line":42,"column":3}},"43":{"start":{"line":44,"column":0},"end":{"line":44,"column":40}},"44":{"start":{"line":45,"column":0},"end":{"line":45,"column":47}},"45":{"start":{"line":46,"column":0},"end":{"line":46,"column":3}},"48":{"start":{"line":49,"column":0},"end":{"line":49,"column":18}},"49":{"start":{"line":50,"column":0},"end":{"line":50,"column":23}},"50":{"start":{"line":51,"column":0},"end":{"line":51,"column":82}},"51":{"start":{"line":52,"column":0},"end":{"line":52,"column":5}},"52":{"start":{"line":53,"column":0},"end":{"line":53,"column":28}},"53":{"start":{"line":54,"column":0},"end":{"line":54,"column":3}},"55":{"start":{"line":56,"column":0},"end":{"line":56,"column":34}},"56":{"start":{"line":57,"column":0},"end":{"line":57,"column":23}},"57":{"start":{"line":58,"column":0},"end":{"line":58,"column":41}},"58":{"start":{"line":59,"column":0},"end":{"line":59,"column":45}},"59":{"start":{"line":60,"column":0},"end":{"line":60,"column":29}},"60":{"start":{"line":61,"column":0},"end":{"line":61,"column":9}},"61":{"start":{"line":62,"column":0},"end":{"line":62,"column":5}},"62":{"start":{"line":63,"column":0},"end":{"line":63,"column":28}},"63":{"start":{"line":64,"column":0},"end":{"line":64,"column":30}},"64":{"start":{"line":65,"column":0},"end":{"line":65,"column":32}},"65":{"start":{"line":66,"column":0},"end":{"line":66,"column":13}},"66":{"start":{"line":67,"column":0},"end":{"line":67,"column":5}},"68":{"start":{"line":69,"column":0},"end":{"line":69,"column":43}},"69":{"start":{"line":70,"column":0},"end":{"line":70,"column":9}},"70":{"start":{"line":71,"column":0},"end":{"line":71,"column":32}},"71":{"start":{"line":72,"column":0},"end":{"line":72,"column":15}},"72":{"start":{"line":73,"column":0},"end":{"line":73,"column":33}},"73":{"start":{"line":74,"column":0},"end":{"line":74,"column":5}},"74":{"start":{"line":75,"column":0},"end":{"line":75,"column":3}},"76":{"start":{"line":77,"column":0},"end":{"line":77,"column":44}},"77":{"start":{"line":78,"column":0},"end":{"line":78,"column":50}},"78":{"start":{"line":79,"column":0},"end":{"line":79,"column":36}},"79":{"start":{"line":80,"column":0},"end":{"line":80,"column":38}},"80":{"start":{"line":81,"column":0},"end":{"line":81,"column":44}},"81":{"start":{"line":82,"column":0},"end":{"line":82,"column":28}},"82":{"start":{"line":83,"column":0},"end":{"line":83,"column":32}},"83":{"start":{"line":84,"column":0},"end":{"line":84,"column":40}},"84":{"start":{"line":85,"column":0},"end":{"line":85,"column":40}},"85":{"start":{"line":86,"column":0},"end":{"line":86,"column":58}},"86":{"start":{"line":87,"column":0},"end":{"line":87,"column":50}},"87":{"start":{"line":88,"column":0},"end":{"line":88,"column":48}},"88":{"start":{"line":89,"column":0},"end":{"line":89,"column":7}},"90":{"start":{"line":91,"column":0},"end":{"line":91,"column":23}},"91":{"start":{"line":92,"column":0},"end":{"line":92,"column":11}},"92":{"start":{"line":93,"column":0},"end":{"line":93,"column":72}},"93":{"start":{"line":94,"column":0},"end":{"line":94,"column":88}},"94":{"start":{"line":95,"column":0},"end":{"line":95,"column":15}},"96":{"start":{"line":97,"column":0},"end":{"line":97,"column":7}},"97":{"start":{"line":98,"column":0},"end":{"line":98,"column":13}},"98":{"start":{"line":99,"column":0},"end":{"line":99,"column":5}},"100":{"start":{"line":101,"column":0},"end":{"line":101,"column":26}},"101":{"start":{"line":102,"column":0},"end":{"line":102,"column":47}},"103":{"start":{"line":104,"column":0},"end":{"line":104,"column":39}},"104":{"start":{"line":105,"column":0},"end":{"line":105,"column":49}},"105":{"start":{"line":106,"column":0},"end":{"line":106,"column":59}},"106":{"start":{"line":107,"column":0},"end":{"line":107,"column":7}},"107":{"start":{"line":108,"column":0},"end":{"line":108,"column":42}},"108":{"start":{"line":109,"column":0},"end":{"line":109,"column":52}},"109":{"start":{"line":110,"column":0},"end":{"line":110,"column":65}},"110":{"start":{"line":111,"column":0},"end":{"line":111,"column":7}},"111":{"start":{"line":112,"column":0},"end":{"line":112,"column":42}},"112":{"start":{"line":113,"column":0},"end":{"line":113,"column":52}},"113":{"start":{"line":114,"column":0},"end":{"line":114,"column":65}},"114":{"start":{"line":115,"column":0},"end":{"line":115,"column":7}},"115":{"start":{"line":116,"column":0},"end":{"line":116,"column":41}},"116":{"start":{"line":117,"column":0},"end":{"line":117,"column":49}},"117":{"start":{"line":118,"column":0},"end":{"line":118,"column":61}},"118":{"start":{"line":119,"column":0},"end":{"line":119,"column":7}},"119":{"start":{"line":120,"column":0},"end":{"line":120,"column":36}},"120":{"start":{"line":121,"column":0},"end":{"line":121,"column":46}},"121":{"start":{"line":122,"column":0},"end":{"line":122,"column":46}},"122":{"start":{"line":123,"column":0},"end":{"line":123,"column":7}},"123":{"start":{"line":124,"column":0},"end":{"line":124,"column":55}},"124":{"start":{"line":125,"column":0},"end":{"line":125,"column":89}},"125":{"start":{"line":126,"column":0},"end":{"line":126,"column":7}},"126":{"start":{"line":127,"column":0},"end":{"line":127,"column":46}},"127":{"start":{"line":128,"column":0},"end":{"line":128,"column":67}},"128":{"start":{"line":129,"column":0},"end":{"line":129,"column":7}},"130":{"start":{"line":131,"column":0},"end":{"line":131,"column":66}},"132":{"start":{"line":133,"column":0},"end":{"line":133,"column":38}},"133":{"start":{"line":134,"column":0},"end":{"line":134,"column":98}},"134":{"start":{"line":135,"column":0},"end":{"line":135,"column":68}},"135":{"start":{"line":136,"column":0},"end":{"line":136,"column":9}},"136":{"start":{"line":137,"column":0},"end":{"line":137,"column":5}},"137":{"start":{"line":138,"column":0},"end":{"line":138,"column":3}},"139":{"start":{"line":140,"column":0},"end":{"line":140,"column":32}},"140":{"start":{"line":141,"column":0},"end":{"line":141,"column":24}},"141":{"start":{"line":142,"column":0},"end":{"line":142,"column":35}},"142":{"start":{"line":143,"column":0},"end":{"line":143,"column":30}},"143":{"start":{"line":144,"column":0},"end":{"line":144,"column":11}},"144":{"start":{"line":145,"column":0},"end":{"line":145,"column":34}},"145":{"start":{"line":146,"column":0},"end":{"line":146,"column":15}},"147":{"start":{"line":148,"column":0},"end":{"line":148,"column":7}},"148":{"start":{"line":149,"column":0},"end":{"line":149,"column":5}},"149":{"start":{"line":150,"column":0},"end":{"line":150,"column":22}},"150":{"start":{"line":151,"column":0},"end":{"line":151,"column":11}},"151":{"start":{"line":152,"column":0},"end":{"line":152,"column":72}},"152":{"start":{"line":153,"column":0},"end":{"line":153,"column":92}},"153":{"start":{"line":154,"column":0},"end":{"line":154,"column":17}},"154":{"start":{"line":155,"column":0},"end":{"line":155,"column":27}},"155":{"start":{"line":156,"column":0},"end":{"line":156,"column":7}},"156":{"start":{"line":157,"column":0},"end":{"line":157,"column":5}},"157":{"start":{"line":158,"column":0},"end":{"line":158,"column":44}},"158":{"start":{"line":159,"column":0},"end":{"line":159,"column":3}},"160":{"start":{"line":161,"column":0},"end":{"line":161,"column":48}},"161":{"start":{"line":162,"column":0},"end":{"line":162,"column":23}},"162":{"start":{"line":163,"column":0},"end":{"line":163,"column":3}},"164":{"start":{"line":165,"column":0},"end":{"line":165,"column":63}},"165":{"start":{"line":166,"column":0},"end":{"line":166,"column":43}},"166":{"start":{"line":167,"column":0},"end":{"line":167,"column":49}},"167":{"start":{"line":168,"column":0},"end":{"line":168,"column":5}},"168":{"start":{"line":169,"column":0},"end":{"line":169,"column":51}},"169":{"start":{"line":170,"column":0},"end":{"line":170,"column":16}},"170":{"start":{"line":171,"column":0},"end":{"line":171,"column":3}},"172":{"start":{"line":173,"column":0},"end":{"line":173,"column":66}},"173":{"start":{"line":174,"column":0},"end":{"line":174,"column":54}},"174":{"start":{"line":175,"column":0},"end":{"line":175,"column":20}},"175":{"start":{"line":176,"column":0},"end":{"line":176,"column":46}},"176":{"start":{"line":177,"column":0},"end":{"line":177,"column":5}},"177":{"start":{"line":178,"column":0},"end":{"line":178,"column":3}},"179":{"start":{"line":180,"column":0},"end":{"line":180,"column":48}},"180":{"start":{"line":181,"column":0},"end":{"line":181,"column":43}},"181":{"start":{"line":182,"column":0},"end":{"line":182,"column":3}},"183":{"start":{"line":184,"column":0},"end":{"line":184,"column":94}},"184":{"start":{"line":185,"column":0},"end":{"line":185,"column":30}},"185":{"start":{"line":186,"column":0},"end":{"line":186,"column":11}},"186":{"start":{"line":187,"column":0},"end":{"line":187,"column":36}},"187":{"start":{"line":188,"column":0},"end":{"line":188,"column":21}},"188":{"start":{"line":189,"column":0},"end":{"line":189,"column":58}},"189":{"start":{"line":190,"column":0},"end":{"line":190,"column":24}},"190":{"start":{"line":191,"column":0},"end":{"line":191,"column":7}},"191":{"start":{"line":192,"column":0},"end":{"line":192,"column":5}},"193":{"start":{"line":194,"column":0},"end":{"line":194,"column":23}},"194":{"start":{"line":195,"column":0},"end":{"line":195,"column":16}},"195":{"start":{"line":196,"column":0},"end":{"line":196,"column":42}},"196":{"start":{"line":197,"column":0},"end":{"line":197,"column":75}},"197":{"start":{"line":198,"column":0},"end":{"line":198,"column":31}},"198":{"start":{"line":199,"column":0},"end":{"line":199,"column":11}},"199":{"start":{"line":200,"column":0},"end":{"line":200,"column":25}},"200":{"start":{"line":201,"column":0},"end":{"line":201,"column":9}},"201":{"start":{"line":202,"column":0},"end":{"line":202,"column":22}},"202":{"start":{"line":203,"column":0},"end":{"line":203,"column":5}},"204":{"start":{"line":205,"column":0},"end":{"line":205,"column":76}},"205":{"start":{"line":206,"column":0},"end":{"line":206,"column":47}},"206":{"start":{"line":207,"column":0},"end":{"line":207,"column":19}},"207":{"start":{"line":208,"column":0},"end":{"line":208,"column":91}},"209":{"start":{"line":210,"column":0},"end":{"line":210,"column":72}},"210":{"start":{"line":211,"column":0},"end":{"line":211,"column":46}},"211":{"start":{"line":212,"column":0},"end":{"line":212,"column":29}},"212":{"start":{"line":213,"column":0},"end":{"line":213,"column":48}},"213":{"start":{"line":214,"column":0},"end":{"line":214,"column":85}},"214":{"start":{"line":215,"column":0},"end":{"line":215,"column":6}},"215":{"start":{"line":216,"column":0},"end":{"line":216,"column":51}},"217":{"start":{"line":218,"column":0},"end":{"line":218,"column":42}},"218":{"start":{"line":219,"column":0},"end":{"line":219,"column":15}},"219":{"start":{"line":220,"column":0},"end":{"line":220,"column":83}},"220":{"start":{"line":221,"column":0},"end":{"line":221,"column":77}},"221":{"start":{"line":222,"column":0},"end":{"line":222,"column":5}},"223":{"start":{"line":224,"column":0},"end":{"line":224,"column":70}},"225":{"start":{"line":226,"column":0},"end":{"line":226,"column":88}},"227":{"start":{"line":228,"column":0},"end":{"line":228,"column":50}},"229":{"start":{"line":230,"column":0},"end":{"line":230,"column":18}},"230":{"start":{"line":231,"column":0},"end":{"line":231,"column":21}},"231":{"start":{"line":232,"column":0},"end":{"line":232,"column":92}},"232":{"start":{"line":233,"column":0},"end":{"line":233,"column":64}},"233":{"start":{"line":234,"column":0},"end":{"line":234,"column":64}},"235":{"start":{"line":236,"column":0},"end":{"line":236,"column":17}},"236":{"start":{"line":237,"column":0},"end":{"line":237,"column":19}},"237":{"start":{"line":238,"column":0},"end":{"line":238,"column":11}},"238":{"start":{"line":239,"column":0},"end":{"line":239,"column":20}},"239":{"start":{"line":240,"column":0},"end":{"line":240,"column":33}},"240":{"start":{"line":241,"column":0},"end":{"line":241,"column":38}},"241":{"start":{"line":242,"column":0},"end":{"line":242,"column":17}},"242":{"start":{"line":243,"column":0},"end":{"line":243,"column":21}},"243":{"start":{"line":244,"column":0},"end":{"line":244,"column":40}},"244":{"start":{"line":245,"column":0},"end":{"line":245,"column":28}},"245":{"start":{"line":246,"column":0},"end":{"line":246,"column":12}},"246":{"start":{"line":247,"column":0},"end":{"line":247,"column":45}},"247":{"start":{"line":248,"column":0},"end":{"line":248,"column":9}},"248":{"start":{"line":249,"column":0},"end":{"line":249,"column":44}},"249":{"start":{"line":250,"column":0},"end":{"line":250,"column":47}},"250":{"start":{"line":251,"column":0},"end":{"line":251,"column":34}},"251":{"start":{"line":252,"column":0},"end":{"line":252,"column":46}},"252":{"start":{"line":253,"column":0},"end":{"line":253,"column":88}},"253":{"start":{"line":254,"column":0},"end":{"line":254,"column":26}},"254":{"start":{"line":255,"column":0},"end":{"line":255,"column":67}},"255":{"start":{"line":256,"column":0},"end":{"line":256,"column":18}},"256":{"start":{"line":257,"column":0},"end":{"line":257,"column":22}},"257":{"start":{"line":258,"column":0},"end":{"line":258,"column":91}},"258":{"start":{"line":259,"column":0},"end":{"line":259,"column":31}},"259":{"start":{"line":260,"column":0},"end":{"line":260,"column":15}},"260":{"start":{"line":261,"column":0},"end":{"line":261,"column":11}},"261":{"start":{"line":262,"column":0},"end":{"line":262,"column":10}},"262":{"start":{"line":263,"column":0},"end":{"line":263,"column":34}},"263":{"start":{"line":264,"column":0},"end":{"line":264,"column":47}},"264":{"start":{"line":265,"column":0},"end":{"line":265,"column":33}},"265":{"start":{"line":266,"column":0},"end":{"line":266,"column":20}},"266":{"start":{"line":267,"column":0},"end":{"line":267,"column":72}},"267":{"start":{"line":268,"column":0},"end":{"line":268,"column":29}},"268":{"start":{"line":269,"column":0},"end":{"line":269,"column":13}},"269":{"start":{"line":270,"column":0},"end":{"line":270,"column":11}},"270":{"start":{"line":271,"column":0},"end":{"line":271,"column":12}},"271":{"start":{"line":272,"column":0},"end":{"line":272,"column":21}},"272":{"start":{"line":273,"column":0},"end":{"line":273,"column":94}},"274":{"start":{"line":275,"column":0},"end":{"line":275,"column":17}},"275":{"start":{"line":276,"column":0},"end":{"line":276,"column":21}},"276":{"start":{"line":277,"column":0},"end":{"line":277,"column":11}},"277":{"start":{"line":278,"column":0},"end":{"line":278,"column":20}},"278":{"start":{"line":279,"column":0},"end":{"line":279,"column":33}},"279":{"start":{"line":280,"column":0},"end":{"line":280,"column":38}},"280":{"start":{"line":281,"column":0},"end":{"line":281,"column":17}},"281":{"start":{"line":282,"column":0},"end":{"line":282,"column":28}},"282":{"start":{"line":283,"column":0},"end":{"line":283,"column":12}},"283":{"start":{"line":284,"column":0},"end":{"line":284,"column":45}},"284":{"start":{"line":285,"column":0},"end":{"line":285,"column":9}},"285":{"start":{"line":286,"column":0},"end":{"line":286,"column":46}},"286":{"start":{"line":287,"column":0},"end":{"line":287,"column":47}},"287":{"start":{"line":288,"column":0},"end":{"line":288,"column":34}},"288":{"start":{"line":289,"column":0},"end":{"line":289,"column":46}},"289":{"start":{"line":290,"column":0},"end":{"line":290,"column":88}},"290":{"start":{"line":291,"column":0},"end":{"line":291,"column":26}},"291":{"start":{"line":292,"column":0},"end":{"line":292,"column":67}},"292":{"start":{"line":293,"column":0},"end":{"line":293,"column":18}},"293":{"start":{"line":294,"column":0},"end":{"line":294,"column":22}},"294":{"start":{"line":295,"column":0},"end":{"line":295,"column":93}},"295":{"start":{"line":296,"column":0},"end":{"line":296,"column":31}},"296":{"start":{"line":297,"column":0},"end":{"line":297,"column":15}},"297":{"start":{"line":298,"column":0},"end":{"line":298,"column":11}},"298":{"start":{"line":299,"column":0},"end":{"line":299,"column":10}},"299":{"start":{"line":300,"column":0},"end":{"line":300,"column":34}},"300":{"start":{"line":301,"column":0},"end":{"line":301,"column":47}},"301":{"start":{"line":302,"column":0},"end":{"line":302,"column":33}},"302":{"start":{"line":303,"column":0},"end":{"line":303,"column":20}},"303":{"start":{"line":304,"column":0},"end":{"line":304,"column":72}},"304":{"start":{"line":305,"column":0},"end":{"line":305,"column":29}},"305":{"start":{"line":306,"column":0},"end":{"line":306,"column":13}},"306":{"start":{"line":307,"column":0},"end":{"line":307,"column":11}},"307":{"start":{"line":308,"column":0},"end":{"line":308,"column":5}},"309":{"start":{"line":310,"column":0},"end":{"line":310,"column":18}},"310":{"start":{"line":311,"column":0},"end":{"line":311,"column":30}},"311":{"start":{"line":312,"column":0},"end":{"line":312,"column":6}},"312":{"start":{"line":313,"column":0},"end":{"line":313,"column":3}},"314":{"start":{"line":315,"column":0},"end":{"line":315,"column":67}},"315":{"start":{"line":316,"column":0},"end":{"line":316,"column":30}},"316":{"start":{"line":317,"column":0},"end":{"line":317,"column":34}},"317":{"start":{"line":318,"column":0},"end":{"line":318,"column":5}},"319":{"start":{"line":320,"column":0},"end":{"line":320,"column":23}},"320":{"start":{"line":321,"column":0},"end":{"line":321,"column":41}},"321":{"start":{"line":322,"column":0},"end":{"line":322,"column":73}},"322":{"start":{"line":323,"column":0},"end":{"line":323,"column":35}},"323":{"start":{"line":324,"column":0},"end":{"line":324,"column":9}},"324":{"start":{"line":325,"column":0},"end":{"line":325,"column":5}},"326":{"start":{"line":327,"column":0},"end":{"line":327,"column":76}},"327":{"start":{"line":328,"column":0},"end":{"line":328,"column":19}},"328":{"start":{"line":329,"column":0},"end":{"line":329,"column":91}},"330":{"start":{"line":331,"column":0},"end":{"line":331,"column":72}},"331":{"start":{"line":332,"column":0},"end":{"line":332,"column":46}},"332":{"start":{"line":333,"column":0},"end":{"line":333,"column":29}},"333":{"start":{"line":334,"column":0},"end":{"line":334,"column":85}},"334":{"start":{"line":335,"column":0},"end":{"line":335,"column":6}},"336":{"start":{"line":337,"column":0},"end":{"line":337,"column":9}},"337":{"start":{"line":338,"column":0},"end":{"line":338,"column":39}},"338":{"start":{"line":339,"column":0},"end":{"line":339,"column":37}},"339":{"start":{"line":340,"column":0},"end":{"line":340,"column":55}},"341":{"start":{"line":342,"column":0},"end":{"line":342,"column":46}},"342":{"start":{"line":343,"column":0},"end":{"line":343,"column":19}},"343":{"start":{"line":344,"column":0},"end":{"line":344,"column":87}},"344":{"start":{"line":345,"column":0},"end":{"line":345,"column":81}},"345":{"start":{"line":346,"column":0},"end":{"line":346,"column":9}},"346":{"start":{"line":347,"column":0},"end":{"line":347,"column":74}},"348":{"start":{"line":349,"column":0},"end":{"line":349,"column":79}},"357":{"start":{"line":358,"column":0},"end":{"line":358,"column":76}},"358":{"start":{"line":359,"column":0},"end":{"line":359,"column":18}},"359":{"start":{"line":360,"column":0},"end":{"line":360,"column":31}},"360":{"start":{"line":361,"column":0},"end":{"line":361,"column":15}},"361":{"start":{"line":362,"column":0},"end":{"line":362,"column":24}},"362":{"start":{"line":363,"column":0},"end":{"line":363,"column":15}},"363":{"start":{"line":364,"column":0},"end":{"line":364,"column":60}},"364":{"start":{"line":365,"column":0},"end":{"line":365,"column":50}},"365":{"start":{"line":366,"column":0},"end":{"line":366,"column":56}},"366":{"start":{"line":367,"column":0},"end":{"line":367,"column":56}},"367":{"start":{"line":368,"column":0},"end":{"line":368,"column":15}},"368":{"start":{"line":369,"column":0},"end":{"line":369,"column":24}},"369":{"start":{"line":370,"column":0},"end":{"line":370,"column":11}},"371":{"start":{"line":372,"column":0},"end":{"line":372,"column":45}},"372":{"start":{"line":373,"column":0},"end":{"line":373,"column":22}},"373":{"start":{"line":374,"column":0},"end":{"line":374,"column":52}},"374":{"start":{"line":375,"column":0},"end":{"line":375,"column":43}},"375":{"start":{"line":376,"column":0},"end":{"line":376,"column":55}},"377":{"start":{"line":378,"column":0},"end":{"line":378,"column":46}},"378":{"start":{"line":379,"column":0},"end":{"line":379,"column":19}},"379":{"start":{"line":380,"column":0},"end":{"line":380,"column":87}},"380":{"start":{"line":381,"column":0},"end":{"line":381,"column":81}},"381":{"start":{"line":382,"column":0},"end":{"line":382,"column":9}},"382":{"start":{"line":383,"column":0},"end":{"line":383,"column":74}},"384":{"start":{"line":385,"column":0},"end":{"line":385,"column":75}},"385":{"start":{"line":386,"column":0},"end":{"line":386,"column":18}},"386":{"start":{"line":387,"column":0},"end":{"line":387,"column":31}},"387":{"start":{"line":388,"column":0},"end":{"line":388,"column":15}},"388":{"start":{"line":389,"column":0},"end":{"line":389,"column":11}},"390":{"start":{"line":391,"column":0},"end":{"line":391,"column":45}},"391":{"start":{"line":392,"column":0},"end":{"line":392,"column":22}},"392":{"start":{"line":393,"column":0},"end":{"line":393,"column":14}},"393":{"start":{"line":394,"column":0},"end":{"line":394,"column":37}},"394":{"start":{"line":395,"column":0},"end":{"line":395,"column":55}},"396":{"start":{"line":397,"column":0},"end":{"line":397,"column":46}},"397":{"start":{"line":398,"column":0},"end":{"line":398,"column":19}},"398":{"start":{"line":399,"column":0},"end":{"line":399,"column":87}},"399":{"start":{"line":400,"column":0},"end":{"line":400,"column":81}},"400":{"start":{"line":401,"column":0},"end":{"line":401,"column":9}},"401":{"start":{"line":402,"column":0},"end":{"line":402,"column":74}},"403":{"start":{"line":404,"column":0},"end":{"line":404,"column":37}},"404":{"start":{"line":405,"column":0},"end":{"line":405,"column":18}},"405":{"start":{"line":406,"column":0},"end":{"line":406,"column":31}},"406":{"start":{"line":407,"column":0},"end":{"line":407,"column":15}},"407":{"start":{"line":408,"column":0},"end":{"line":408,"column":11}},"409":{"start":{"line":410,"column":0},"end":{"line":410,"column":45}},"410":{"start":{"line":411,"column":0},"end":{"line":411,"column":7}},"411":{"start":{"line":412,"column":0},"end":{"line":412,"column":19}},"412":{"start":{"line":413,"column":0},"end":{"line":413,"column":43}},"413":{"start":{"line":414,"column":0},"end":{"line":414,"column":16}},"414":{"start":{"line":415,"column":0},"end":{"line":415,"column":5}},"415":{"start":{"line":416,"column":0},"end":{"line":416,"column":3}},"417":{"start":{"line":418,"column":0},"end":{"line":418,"column":54}},"421":{"start":{"line":422,"column":0},"end":{"line":422,"column":5}},"422":{"start":{"line":423,"column":0},"end":{"line":423,"column":38}},"423":{"start":{"line":424,"column":0},"end":{"line":424,"column":33}},"424":{"start":{"line":425,"column":0},"end":{"line":425,"column":40}},"425":{"start":{"line":426,"column":0},"end":{"line":426,"column":50}},"426":{"start":{"line":427,"column":0},"end":{"line":427,"column":31}},"427":{"start":{"line":428,"column":0},"end":{"line":428,"column":44}},"428":{"start":{"line":429,"column":0},"end":{"line":429,"column":17}},"429":{"start":{"line":430,"column":0},"end":{"line":430,"column":63}},"430":{"start":{"line":431,"column":0},"end":{"line":431,"column":7}},"431":{"start":{"line":432,"column":0},"end":{"line":432,"column":14}},"432":{"start":{"line":433,"column":0},"end":{"line":433,"column":66}},"433":{"start":{"line":434,"column":0},"end":{"line":434,"column":13}},"434":{"start":{"line":435,"column":0},"end":{"line":435,"column":17}},"435":{"start":{"line":436,"column":0},"end":{"line":436,"column":8}},"436":{"start":{"line":437,"column":0},"end":{"line":437,"column":5}},"437":{"start":{"line":438,"column":0},"end":{"line":438,"column":54}},"438":{"start":{"line":439,"column":0},"end":{"line":439,"column":3}},"439":{"start":{"line":440,"column":0},"end":{"line":440,"column":1}}},"s":{"0":1,"1":1,"2":1,"5":1,"6":1,"7":1,"8":1,"9":1,"10":1,"11":1,"12":1,"13":1,"14":1,"16":31,"17":31,"18":31,"19":31,"20":31,"21":31,"22":31,"23":3,"24":2,"25":2,"26":16,"27":16,"29":1,"30":1,"31":66,"32":66,"33":66,"34":66,"35":66,"36":66,"38":1,"39":66,"40":66,"41":66,"43":1,"44":8,"45":8,"48":1,"49":2,"50":2,"51":2,"52":0,"53":2,"55":1,"56":49,"57":1,"58":1,"59":1,"60":1,"61":1,"62":48,"63":49,"64":1,"65":1,"66":1,"68":46,"69":46,"70":46,"71":46,"72":46,"73":46,"74":49,"76":1,"77":46,"78":46,"79":46,"80":46,"81":46,"82":46,"83":46,"84":46,"85":46,"86":46,"87":46,"88":46,"90":46,"91":1,"92":1,"93":1,"94":1,"96":0,"97":1,"98":1,"100":45,"101":45,"103":45,"104":0,"105":0,"106":45,"107":45,"108":1,"109":1,"110":45,"111":45,"112":1,"113":1,"114":45,"115":45,"116":0,"117":0,"118":45,"119":45,"120":0,"121":0,"122":45,"123":45,"124":0,"125":45,"126":45,"127":0,"128":45,"130":45,"132":46,"133":6,"134":5,"135":6,"136":6,"137":46,"139":1,"140":14,"141":14,"142":14,"143":1,"144":1,"145":1,"147":0,"148":1,"149":14,"150":12,"151":12,"152":12,"153":12,"154":12,"155":12,"156":12,"157":13,"158":14,"160":1,"161":1,"162":1,"164":1,"165":1,"166":1,"167":1,"168":1,"169":1,"170":1,"172":1,"173":5,"174":5,"175":1,"176":1,"177":5,"179":1,"180":4,"181":4,"183":1,"184":22,"185":3,"186":3,"187":3,"188":1,"189":1,"190":1,"191":3,"193":22,"194":1,"195":1,"196":1,"197":1,"198":1,"199":1,"200":1,"201":1,"202":1,"204":20,"205":22,"206":22,"207":22,"209":22,"210":22,"211":22,"212":22,"213":22,"214":22,"215":22,"217":22,"218":22,"219":2,"220":2,"221":2,"223":20,"225":20,"227":20,"229":22,"230":5,"231":5,"232":5,"233":5,"235":5,"236":5,"237":5,"238":5,"239":5,"240":5,"241":5,"242":5,"243":5,"244":5,"245":5,"246":5,"247":5,"248":5,"249":3,"250":3,"251":2,"252":1,"253":1,"254":2,"255":3,"256":1,"257":1,"258":1,"259":1,"260":1,"261":5,"262":5,"263":2,"264":2,"265":2,"266":2,"267":2,"268":2,"269":5,"270":22,"271":15,"272":15,"274":15,"275":15,"276":15,"277":15,"278":15,"279":15,"280":15,"281":15,"282":15,"283":15,"284":15,"285":15,"286":11,"287":11,"288":10,"289":2,"290":8,"291":10,"292":11,"293":1,"294":1,"295":1,"296":1,"297":1,"298":15,"299":15,"300":4,"301":4,"302":4,"303":4,"304":4,"305":4,"306":15,"307":15,"309":20,"310":0,"311":0,"312":22,"314":1,"315":13,"316":2,"317":2,"319":13,"320":1,"321":1,"322":1,"323":1,"324":1,"326":11,"327":11,"328":13,"330":13,"331":13,"332":13,"333":13,"334":13,"336":13,"337":13,"338":5,"339":5,"341":5,"342":5,"343":1,"344":1,"345":1,"346":5,"348":5,"357":5,"358":5,"359":5,"360":5,"361":5,"362":1,"363":1,"364":1,"365":1,"366":1,"367":1,"368":4,"369":5,"371":5,"372":5,"373":13,"374":2,"375":2,"377":2,"378":2,"379":1,"380":1,"381":1,"382":2,"384":2,"385":2,"386":2,"387":2,"388":2,"390":2,"391":2,"392":6,"393":4,"394":4,"396":4,"397":4,"398":1,"399":1,"400":1,"401":4,"403":4,"404":4,"405":4,"406":4,"407":4,"409":4,"410":4,"411":13,"412":3,"413":3,"414":3,"415":13,"417":1,"421":31,"422":31,"423":16,"424":16,"425":16,"426":16,"427":16,"428":16,"429":12,"430":12,"431":4,"432":16,"433":16,"434":16,"435":16,"436":16,"437":15,"438":31,"439":1},"branchMap":{"0":{"type":"branch","line":17,"loc":{"start":{"line":17,"column":0},"end":{"line":28,"column":1}},"locations":[{"start":{"line":17,"column":0},"end":{"line":28,"column":1}}]},"1":{"type":"branch","line":22,"loc":{"start":{"line":22,"column":13},"end":{"line":22,"column":24}},"locations":[{"start":{"line":22,"column":13},"end":{"line":22,"column":24}}]},"2":{"type":"branch","line":22,"loc":{"start":{"line":22,"column":20},"end":{"line":23,"column":45}},"locations":[{"start":{"line":22,"column":20},"end":{"line":23,"column":45}}]},"3":{"type":"branch","line":23,"loc":{"start":{"line":23,"column":45},"end":{"line":26,"column":3}},"locations":[{"start":{"line":23,"column":45},"end":{"line":26,"column":3}}]},"4":{"type":"branch","line":24,"loc":{"start":{"line":24,"column":33},"end":{"line":24,"column":42}},"locations":[{"start":{"line":24,"column":33},"end":{"line":24,"column":42}}]},"5":{"type":"branch","line":24,"loc":{"start":{"line":24,"column":33},"end":{"line":26,"column":3}},"locations":[{"start":{"line":24,"column":33},"end":{"line":26,"column":3}}]},"6":{"type":"branch","line":26,"loc":{"start":{"line":26,"column":2},"end":{"line":28,"column":1}},"locations":[{"start":{"line":26,"column":2},"end":{"line":28,"column":1}}]},"7":{"type":"branch","line":31,"loc":{"start":{"line":31,"column":21},"end":{"line":37,"column":86}},"locations":[{"start":{"line":31,"column":21},"end":{"line":37,"column":86}}]},"8":{"type":"branch","line":39,"loc":{"start":{"line":39,"column":2},"end":{"line":42,"column":3}},"locations":[{"start":{"line":39,"column":2},"end":{"line":42,"column":3}}]},"9":{"type":"branch","line":44,"loc":{"start":{"line":44,"column":2},"end":{"line":46,"column":3}},"locations":[{"start":{"line":44,"column":2},"end":{"line":46,"column":3}}]},"10":{"type":"branch","line":49,"loc":{"start":{"line":49,"column":2},"end":{"line":54,"column":3}},"locations":[{"start":{"line":49,"column":2},"end":{"line":54,"column":3}}]},"11":{"type":"branch","line":52,"loc":{"start":{"line":52,"column":4},"end":{"line":53,"column":28}},"locations":[{"start":{"line":52,"column":4},"end":{"line":53,"column":28}}]},"12":{"type":"branch","line":56,"loc":{"start":{"line":56,"column":2},"end":{"line":75,"column":3}},"locations":[{"start":{"line":56,"column":2},"end":{"line":75,"column":3}}]},"13":{"type":"branch","line":57,"loc":{"start":{"line":57,"column":22},"end":{"line":62,"column":5}},"locations":[{"start":{"line":57,"column":22},"end":{"line":62,"column":5}}]},"14":{"type":"branch","line":62,"loc":{"start":{"line":62,"column":4},"end":{"line":63,"column":28}},"locations":[{"start":{"line":62,"column":4},"end":{"line":63,"column":28}}]},"15":{"type":"branch","line":63,"loc":{"start":{"line":63,"column":21},"end":{"line":63,"column":28}},"locations":[{"start":{"line":63,"column":21},"end":{"line":63,"column":28}}]},"16":{"type":"branch","line":63,"loc":{"start":{"line":63,"column":21},"end":{"line":64,"column":29}},"locations":[{"start":{"line":63,"column":21},"end":{"line":64,"column":29}}]},"17":{"type":"branch","line":64,"loc":{"start":{"line":64,"column":29},"end":{"line":67,"column":5}},"locations":[{"start":{"line":64,"column":29},"end":{"line":67,"column":5}}]},"18":{"type":"branch","line":67,"loc":{"start":{"line":67,"column":4},"end":{"line":74,"column":5}},"locations":[{"start":{"line":67,"column":4},"end":{"line":74,"column":5}}]},"19":{"type":"branch","line":77,"loc":{"start":{"line":77,"column":2},"end":{"line":138,"column":3}},"locations":[{"start":{"line":77,"column":2},"end":{"line":138,"column":3}}]},"20":{"type":"branch","line":91,"loc":{"start":{"line":91,"column":22},"end":{"line":99,"column":5}},"locations":[{"start":{"line":91,"column":22},"end":{"line":99,"column":5}}]},"21":{"type":"branch","line":95,"loc":{"start":{"line":95,"column":6},"end":{"line":97,"column":7}},"locations":[{"start":{"line":95,"column":6},"end":{"line":97,"column":7}}]},"22":{"type":"branch","line":99,"loc":{"start":{"line":99,"column":4},"end":{"line":133,"column":37}},"locations":[{"start":{"line":99,"column":4},"end":{"line":133,"column":37}}]},"23":{"type":"branch","line":133,"loc":{"start":{"line":133,"column":37},"end":{"line":137,"column":5}},"locations":[{"start":{"line":133,"column":37},"end":{"line":137,"column":5}}]},"24":{"type":"branch","line":108,"loc":{"start":{"line":108,"column":35},"end":{"line":111,"column":5}},"locations":[{"start":{"line":108,"column":35},"end":{"line":111,"column":5}}]},"25":{"type":"branch","line":112,"loc":{"start":{"line":112,"column":35},"end":{"line":115,"column":5}},"locations":[{"start":{"line":112,"column":35},"end":{"line":115,"column":5}}]},"26":{"type":"branch","line":134,"loc":{"start":{"line":134,"column":76},"end":{"line":136,"column":7}},"locations":[{"start":{"line":134,"column":76},"end":{"line":136,"column":7}}]},"27":{"type":"branch","line":140,"loc":{"start":{"line":140,"column":2},"end":{"line":159,"column":3}},"locations":[{"start":{"line":140,"column":2},"end":{"line":159,"column":3}}]},"28":{"type":"branch","line":142,"loc":{"start":{"line":142,"column":9},"end":{"line":142,"column":33}},"locations":[{"start":{"line":142,"column":9},"end":{"line":142,"column":33}}]},"29":{"type":"branch","line":143,"loc":{"start":{"line":143,"column":29},"end":{"line":149,"column":5}},"locations":[{"start":{"line":143,"column":29},"end":{"line":149,"column":5}}]},"30":{"type":"branch","line":146,"loc":{"start":{"line":146,"column":6},"end":{"line":148,"column":7}},"locations":[{"start":{"line":146,"column":6},"end":{"line":148,"column":7}}]},"31":{"type":"branch","line":150,"loc":{"start":{"line":150,"column":21},"end":{"line":157,"column":5}},"locations":[{"start":{"line":150,"column":21},"end":{"line":157,"column":5}}]},"32":{"type":"branch","line":152,"loc":{"start":{"line":152,"column":44},"end":{"line":152,"column":72}},"locations":[{"start":{"line":152,"column":44},"end":{"line":152,"column":72}}]},"33":{"type":"branch","line":153,"loc":{"start":{"line":153,"column":90},"end":{"line":154,"column":8}},"locations":[{"start":{"line":153,"column":90},"end":{"line":154,"column":8}}]},"34":{"type":"branch","line":157,"loc":{"start":{"line":157,"column":4},"end":{"line":158,"column":44}},"locations":[{"start":{"line":157,"column":4},"end":{"line":158,"column":44}}]},"35":{"type":"branch","line":161,"loc":{"start":{"line":161,"column":2},"end":{"line":163,"column":3}},"locations":[{"start":{"line":161,"column":2},"end":{"line":163,"column":3}}]},"36":{"type":"branch","line":165,"loc":{"start":{"line":165,"column":2},"end":{"line":171,"column":3}},"locations":[{"start":{"line":165,"column":2},"end":{"line":171,"column":3}}]},"37":{"type":"branch","line":173,"loc":{"start":{"line":173,"column":10},"end":{"line":178,"column":3}},"locations":[{"start":{"line":173,"column":10},"end":{"line":178,"column":3}}]},"38":{"type":"branch","line":175,"loc":{"start":{"line":175,"column":19},"end":{"line":177,"column":5}},"locations":[{"start":{"line":175,"column":19},"end":{"line":177,"column":5}}]},"39":{"type":"branch","line":180,"loc":{"start":{"line":180,"column":2},"end":{"line":182,"column":3}},"locations":[{"start":{"line":180,"column":2},"end":{"line":182,"column":3}}]},"40":{"type":"branch","line":181,"loc":{"start":{"line":181,"column":16},"end":{"line":181,"column":41}},"locations":[{"start":{"line":181,"column":16},"end":{"line":181,"column":41}}]},"41":{"type":"branch","line":184,"loc":{"start":{"line":184,"column":12},"end":{"line":313,"column":3}},"locations":[{"start":{"line":184,"column":12},"end":{"line":313,"column":3}}]},"42":{"type":"branch","line":185,"loc":{"start":{"line":185,"column":29},"end":{"line":192,"column":5}},"locations":[{"start":{"line":185,"column":29},"end":{"line":192,"column":5}}]},"43":{"type":"branch","line":188,"loc":{"start":{"line":188,"column":6},"end":{"line":191,"column":7}},"locations":[{"start":{"line":188,"column":6},"end":{"line":191,"column":7}}]},"44":{"type":"branch","line":192,"loc":{"start":{"line":192,"column":4},"end":{"line":194,"column":22}},"locations":[{"start":{"line":192,"column":4},"end":{"line":194,"column":22}}]},"45":{"type":"branch","line":194,"loc":{"start":{"line":194,"column":22},"end":{"line":203,"column":5}},"locations":[{"start":{"line":194,"column":22},"end":{"line":203,"column":5}}]},"46":{"type":"branch","line":203,"loc":{"start":{"line":203,"column":4},"end":{"line":206,"column":30}},"locations":[{"start":{"line":203,"column":4},"end":{"line":206,"column":30}}]},"47":{"type":"branch","line":206,"loc":{"start":{"line":206,"column":20},"end":{"line":206,"column":39}},"locations":[{"start":{"line":206,"column":20},"end":{"line":206,"column":39}}]},"48":{"type":"branch","line":208,"loc":{"start":{"line":208,"column":32},"end":{"line":208,"column":60}},"locations":[{"start":{"line":208,"column":32},"end":{"line":208,"column":60}}]},"49":{"type":"branch","line":208,"loc":{"start":{"line":208,"column":50},"end":{"line":208,"column":91}},"locations":[{"start":{"line":208,"column":50},"end":{"line":208,"column":91}}]},"50":{"type":"branch","line":213,"loc":{"start":{"line":213,"column":18},"end":{"line":213,"column":38}},"locations":[{"start":{"line":213,"column":18},"end":{"line":213,"column":38}}]},"51":{"type":"branch","line":213,"loc":{"start":{"line":213,"column":28},"end":{"line":213,"column":48}},"locations":[{"start":{"line":213,"column":28},"end":{"line":213,"column":48}}]},"52":{"type":"branch","line":214,"loc":{"start":{"line":214,"column":39},"end":{"line":214,"column":66}},"locations":[{"start":{"line":214,"column":39},"end":{"line":214,"column":66}}]},"53":{"type":"branch","line":214,"loc":{"start":{"line":214,"column":51},"end":{"line":214,"column":85}},"locations":[{"start":{"line":214,"column":51},"end":{"line":214,"column":85}}]},"54":{"type":"branch","line":219,"loc":{"start":{"line":219,"column":14},"end":{"line":222,"column":5}},"locations":[{"start":{"line":219,"column":14},"end":{"line":222,"column":5}}]},"55":{"type":"branch","line":220,"loc":{"start":{"line":220,"column":37},"end":{"line":220,"column":83}},"locations":[{"start":{"line":220,"column":37},"end":{"line":220,"column":83}}]},"56":{"type":"branch","line":222,"loc":{"start":{"line":222,"column":4},"end":{"line":230,"column":17}},"locations":[{"start":{"line":222,"column":4},"end":{"line":230,"column":17}}]},"57":{"type":"branch","line":230,"loc":{"start":{"line":230,"column":17},"end":{"line":271,"column":11}},"locations":[{"start":{"line":230,"column":17},"end":{"line":271,"column":11}}]},"58":{"type":"branch","line":232,"loc":{"start":{"line":232,"column":19},"end":{"line":232,"column":89}},"locations":[{"start":{"line":232,"column":19},"end":{"line":232,"column":89}}]},"59":{"type":"branch","line":232,"loc":{"start":{"line":232,"column":66},"end":{"line":232,"column":92}},"locations":[{"start":{"line":232,"column":66},"end":{"line":232,"column":92}}]},"60":{"type":"branch","line":271,"loc":{"start":{"line":271,"column":4},"end":{"line":308,"column":5}},"locations":[{"start":{"line":271,"column":4},"end":{"line":308,"column":5}}]},"61":{"type":"branch","line":273,"loc":{"start":{"line":273,"column":9},"end":{"line":273,"column":53}},"locations":[{"start":{"line":273,"column":9},"end":{"line":273,"column":53}}]},"62":{"type":"branch","line":273,"loc":{"start":{"line":273,"column":19},"end":{"line":273,"column":91}},"locations":[{"start":{"line":273,"column":19},"end":{"line":273,"column":91}}]},"63":{"type":"branch","line":273,"loc":{"start":{"line":273,"column":66},"end":{"line":273,"column":94}},"locations":[{"start":{"line":273,"column":66},"end":{"line":273,"column":94}}]},"64":{"type":"branch","line":308,"loc":{"start":{"line":308,"column":4},"end":{"line":312,"column":6}},"locations":[{"start":{"line":308,"column":4},"end":{"line":312,"column":6}}]},"65":{"type":"branch","line":249,"loc":{"start":{"line":249,"column":14},"end":{"line":262,"column":9}},"locations":[{"start":{"line":249,"column":14},"end":{"line":262,"column":9}}]},"66":{"type":"branch","line":250,"loc":{"start":{"line":250,"column":15},"end":{"line":250,"column":45}},"locations":[{"start":{"line":250,"column":15},"end":{"line":250,"column":45}}]},"67":{"type":"branch","line":251,"loc":{"start":{"line":251,"column":33},"end":{"line":256,"column":17}},"locations":[{"start":{"line":251,"column":33},"end":{"line":256,"column":17}}]},"68":{"type":"branch","line":252,"loc":{"start":{"line":252,"column":42},"end":{"line":253,"column":88}},"locations":[{"start":{"line":252,"column":42},"end":{"line":253,"column":88}}]},"69":{"type":"branch","line":253,"loc":{"start":{"line":253,"column":87},"end":{"line":254,"column":26}},"locations":[{"start":{"line":253,"column":87},"end":{"line":254,"column":26}}]},"70":{"type":"branch","line":256,"loc":{"start":{"line":256,"column":10},"end":{"line":261,"column":11}},"locations":[{"start":{"line":256,"column":10},"end":{"line":261,"column":11}}]},"71":{"type":"branch","line":263,"loc":{"start":{"line":263,"column":15},"end":{"line":270,"column":9}},"locations":[{"start":{"line":263,"column":15},"end":{"line":270,"column":9}}]},"72":{"type":"branch","line":264,"loc":{"start":{"line":264,"column":15},"end":{"line":264,"column":45}},"locations":[{"start":{"line":264,"column":15},"end":{"line":264,"column":45}}]},"73":{"type":"branch","line":286,"loc":{"start":{"line":286,"column":14},"end":{"line":299,"column":9}},"locations":[{"start":{"line":286,"column":14},"end":{"line":299,"column":9}}]},"74":{"type":"branch","line":287,"loc":{"start":{"line":287,"column":15},"end":{"line":287,"column":45}},"locations":[{"start":{"line":287,"column":15},"end":{"line":287,"column":45}}]},"75":{"type":"branch","line":288,"loc":{"start":{"line":288,"column":33},"end":{"line":293,"column":17}},"locations":[{"start":{"line":288,"column":33},"end":{"line":293,"column":17}}]},"76":{"type":"branch","line":289,"loc":{"start":{"line":289,"column":42},"end":{"line":290,"column":88}},"locations":[{"start":{"line":289,"column":42},"end":{"line":290,"column":88}}]},"77":{"type":"branch","line":290,"loc":{"start":{"line":290,"column":87},"end":{"line":291,"column":26}},"locations":[{"start":{"line":290,"column":87},"end":{"line":291,"column":26}}]},"78":{"type":"branch","line":293,"loc":{"start":{"line":293,"column":10},"end":{"line":298,"column":11}},"locations":[{"start":{"line":293,"column":10},"end":{"line":298,"column":11}}]},"79":{"type":"branch","line":300,"loc":{"start":{"line":300,"column":15},"end":{"line":307,"column":9}},"locations":[{"start":{"line":300,"column":15},"end":{"line":307,"column":9}}]},"80":{"type":"branch","line":301,"loc":{"start":{"line":301,"column":15},"end":{"line":301,"column":45}},"locations":[{"start":{"line":301,"column":15},"end":{"line":301,"column":45}}]},"81":{"type":"branch","line":315,"loc":{"start":{"line":315,"column":2},"end":{"line":416,"column":3}},"locations":[{"start":{"line":315,"column":2},"end":{"line":416,"column":3}}]},"82":{"type":"branch","line":316,"loc":{"start":{"line":316,"column":29},"end":{"line":318,"column":5}},"locations":[{"start":{"line":316,"column":29},"end":{"line":318,"column":5}}]},"83":{"type":"branch","line":318,"loc":{"start":{"line":318,"column":4},"end":{"line":320,"column":22}},"locations":[{"start":{"line":318,"column":4},"end":{"line":320,"column":22}}]},"84":{"type":"branch","line":320,"loc":{"start":{"line":320,"column":22},"end":{"line":325,"column":5}},"locations":[{"start":{"line":320,"column":22},"end":{"line":325,"column":5}}]},"85":{"type":"branch","line":325,"loc":{"start":{"line":325,"column":4},"end":{"line":329,"column":60}},"locations":[{"start":{"line":325,"column":4},"end":{"line":329,"column":60}}]},"86":{"type":"branch","line":329,"loc":{"start":{"line":329,"column":50},"end":{"line":329,"column":91}},"locations":[{"start":{"line":329,"column":50},"end":{"line":329,"column":91}}]},"87":{"type":"branch","line":334,"loc":{"start":{"line":334,"column":39},"end":{"line":334,"column":66}},"locations":[{"start":{"line":334,"column":39},"end":{"line":334,"column":66}}]},"88":{"type":"branch","line":334,"loc":{"start":{"line":334,"column":51},"end":{"line":334,"column":85}},"locations":[{"start":{"line":334,"column":51},"end":{"line":334,"column":85}}]},"89":{"type":"branch","line":338,"loc":{"start":{"line":338,"column":10},"end":{"line":338,"column":29}},"locations":[{"start":{"line":338,"column":10},"end":{"line":338,"column":29}}]},"90":{"type":"branch","line":338,"loc":{"start":{"line":338,"column":38},"end":{"line":374,"column":17}},"locations":[{"start":{"line":338,"column":38},"end":{"line":374,"column":17}}]},"91":{"type":"branch","line":343,"loc":{"start":{"line":343,"column":18},"end":{"line":346,"column":9}},"locations":[{"start":{"line":343,"column":18},"end":{"line":346,"column":9}}]},"92":{"type":"branch","line":349,"loc":{"start":{"line":349,"column":34},"end":{"line":349,"column":79}},"locations":[{"start":{"line":349,"column":34},"end":{"line":349,"column":79}}]},"93":{"type":"branch","line":362,"loc":{"start":{"line":362,"column":18},"end":{"line":368,"column":15}},"locations":[{"start":{"line":362,"column":18},"end":{"line":368,"column":15}}]},"94":{"type":"branch","line":368,"loc":{"start":{"line":368,"column":14},"end":{"line":369,"column":24}},"locations":[{"start":{"line":368,"column":14},"end":{"line":369,"column":24}}]},"95":{"type":"branch","line":370,"loc":{"start":{"line":370,"column":9},"end":{"line":372,"column":29}},"locations":[{"start":{"line":370,"column":9},"end":{"line":372,"column":29}}]},"96":{"type":"branch","line":372,"loc":{"start":{"line":372,"column":13},"end":{"line":372,"column":43}},"locations":[{"start":{"line":372,"column":13},"end":{"line":372,"column":43}}]},"97":{"type":"branch","line":374,"loc":{"start":{"line":374,"column":6},"end":{"line":411,"column":7}},"locations":[{"start":{"line":374,"column":6},"end":{"line":411,"column":7}}]},"98":{"type":"branch","line":374,"loc":{"start":{"line":374,"column":17},"end":{"line":374,"column":36}},"locations":[{"start":{"line":374,"column":17},"end":{"line":374,"column":36}}]},"99":{"type":"branch","line":374,"loc":{"start":{"line":374,"column":51},"end":{"line":393,"column":13}},"locations":[{"start":{"line":374,"column":51},"end":{"line":393,"column":13}}]},"100":{"type":"branch","line":379,"loc":{"start":{"line":379,"column":18},"end":{"line":382,"column":9}},"locations":[{"start":{"line":379,"column":18},"end":{"line":382,"column":9}}]},"101":{"type":"branch","line":391,"loc":{"start":{"line":391,"column":13},"end":{"line":391,"column":43}},"locations":[{"start":{"line":391,"column":13},"end":{"line":391,"column":43}}]},"102":{"type":"branch","line":393,"loc":{"start":{"line":393,"column":6},"end":{"line":411,"column":7}},"locations":[{"start":{"line":393,"column":6},"end":{"line":411,"column":7}}]},"103":{"type":"branch","line":398,"loc":{"start":{"line":398,"column":18},"end":{"line":401,"column":9}},"locations":[{"start":{"line":398,"column":18},"end":{"line":401,"column":9}}]},"104":{"type":"branch","line":408,"loc":{"start":{"line":408,"column":9},"end":{"line":410,"column":29}},"locations":[{"start":{"line":408,"column":9},"end":{"line":410,"column":29}}]},"105":{"type":"branch","line":410,"loc":{"start":{"line":410,"column":13},"end":{"line":410,"column":43}},"locations":[{"start":{"line":410,"column":13},"end":{"line":410,"column":43}}]},"106":{"type":"branch","line":412,"loc":{"start":{"line":412,"column":4},"end":{"line":415,"column":5}},"locations":[{"start":{"line":412,"column":4},"end":{"line":415,"column":5}}]},"107":{"type":"branch","line":413,"loc":{"start":{"line":413,"column":11},"end":{"line":413,"column":41}},"locations":[{"start":{"line":413,"column":11},"end":{"line":413,"column":41}}]},"108":{"type":"branch","line":418,"loc":{"start":{"line":418,"column":10},"end":{"line":439,"column":3}},"locations":[{"start":{"line":418,"column":10},"end":{"line":439,"column":3}}]},"109":{"type":"branch","line":423,"loc":{"start":{"line":423,"column":37},"end":{"line":437,"column":5}},"locations":[{"start":{"line":423,"column":37},"end":{"line":437,"column":5}}]},"110":{"type":"branch","line":426,"loc":{"start":{"line":426,"column":26},"end":{"line":426,"column":50}},"locations":[{"start":{"line":426,"column":26},"end":{"line":426,"column":50}}]},"111":{"type":"branch","line":429,"loc":{"start":{"line":429,"column":16},"end":{"line":431,"column":7}},"locations":[{"start":{"line":429,"column":16},"end":{"line":431,"column":7}}]},"112":{"type":"branch","line":431,"loc":{"start":{"line":431,"column":6},"end":{"line":433,"column":49}},"locations":[{"start":{"line":431,"column":6},"end":{"line":433,"column":49}}]},"113":{"type":"branch","line":433,"loc":{"start":{"line":433,"column":45},"end":{"line":433,"column":56}},"locations":[{"start":{"line":433,"column":45},"end":{"line":433,"column":56}}]},"114":{"type":"branch","line":433,"loc":{"start":{"line":433,"column":49},"end":{"line":433,"column":66}},"locations":[{"start":{"line":433,"column":49},"end":{"line":433,"column":66}}]},"115":{"type":"branch","line":437,"loc":{"start":{"line":437,"column":4},"end":{"line":438,"column":54}},"locations":[{"start":{"line":437,"column":4},"end":{"line":438,"column":54}}]}},"b":{"0":[31],"1":[15],"2":[16],"3":[3],"4":[1],"5":[2],"6":[16],"7":[66],"8":[66],"9":[8],"10":[2],"11":[0],"12":[49],"13":[1],"14":[48],"15":[1],"16":[47],"17":[1],"18":[46],"19":[46],"20":[1],"21":[0],"22":[45],"23":[6],"24":[1],"25":[1],"26":[5],"27":[14],"28":[6],"29":[1],"30":[0],"31":[12],"32":[11],"33":[11],"34":[13],"35":[1],"36":[1],"37":[5],"38":[1],"39":[4],"40":[3],"41":[22],"42":[3],"43":[1],"44":[21],"45":[1],"46":[20],"47":[6],"48":[19],"49":[1],"50":[5],"51":[15],"52":[1],"53":[19],"54":[2],"55":[1],"56":[20],"57":[5],"58":[4],"59":[4],"60":[15],"61":[1],"62":[14],"63":[14],"64":[20],"65":[3],"66":[0],"67":[2],"68":[1],"69":[1],"70":[1],"71":[2],"72":[0],"73":[11],"74":[1],"75":[10],"76":[2],"77":[8],"78":[1],"79":[4],"80":[1],"81":[13],"82":[2],"83":[12],"84":[1],"85":[11],"86":[0],"87":[0],"88":[11],"89":[7],"90":[5],"91":[1],"92":[4],"93":[1],"94":[4],"95":[4],"96":[0],"97":[6],"98":[2],"99":[2],"100":[1],"101":[0],"102":[4],"103":[1],"104":[2],"105":[0],"106":[3],"107":[1],"108":[31],"109":[16],"110":[0],"111":[12],"112":[4],"113":[1],"114":[3],"115":[15]},"fnMap":{"0":{"name":"mergeWireTags","decl":{"start":{"line":17,"column":0},"end":{"line":28,"column":1}},"loc":{"start":{"line":17,"column":0},"end":{"line":28,"column":1}},"line":17},"1":{"name":"<instance_members_initializer>","decl":{"start":{"line":31,"column":21},"end":{"line":37,"column":86}},"loc":{"start":{"line":31,"column":21},"end":{"line":37,"column":86}},"line":31},"2":{"name":"KubeMQClientProxy","decl":{"start":{"line":39,"column":2},"end":{"line":42,"column":3}},"loc":{"start":{"line":39,"column":2},"end":{"line":42,"column":3}},"line":39},"3":{"name":"get verboseErrors","decl":{"start":{"line":44,"column":2},"end":{"line":46,"column":3}},"loc":{"start":{"line":44,"column":2},"end":{"line":46,"column":3}},"line":44},"4":{"name":"unwrap","decl":{"start":{"line":49,"column":2},"end":{"line":54,"column":3}},"loc":{"start":{"line":49,"column":2},"end":{"line":54,"column":3}},"line":49},"5":{"name":"connect","decl":{"start":{"line":56,"column":2},"end":{"line":75,"column":3}},"loc":{"start":{"line":56,"column":2},"end":{"line":75,"column":3}},"line":56},"6":{"name":"doConnect","decl":{"start":{"line":77,"column":2},"end":{"line":138,"column":3}},"loc":{"start":{"line":77,"column":2},"end":{"line":138,"column":3}},"line":77},"7":{"name":"close","decl":{"start":{"line":140,"column":2},"end":{"line":159,"column":3}},"loc":{"start":{"line":140,"column":2},"end":{"line":159,"column":3}},"line":140},"8":{"name":"onApplicationShutdown","decl":{"start":{"line":161,"column":2},"end":{"line":163,"column":3}},"loc":{"start":{"line":161,"column":2},"end":{"line":163,"column":3}},"line":161},"9":{"name":"on","decl":{"start":{"line":165,"column":2},"end":{"line":171,"column":3}},"loc":{"start":{"line":165,"column":2},"end":{"line":171,"column":3}},"line":165},"10":{"name":"emitDomainEvent","decl":{"start":{"line":173,"column":10},"end":{"line":178,"column":3}},"loc":{"start":{"line":173,"column":10},"end":{"line":178,"column":3}},"line":173},"11":{"name":"getCircuitBreakerState","decl":{"start":{"line":180,"column":2},"end":{"line":182,"column":3}},"loc":{"start":{"line":180,"column":2},"end":{"line":182,"column":3}},"line":180},"12":{"name":"publish","decl":{"start":{"line":184,"column":12},"end":{"line":313,"column":3}},"loc":{"start":{"line":184,"column":12},"end":{"line":313,"column":3}},"line":184},"13":{"name":"callback.err.__vite_ssr_import_2__.ConnectionNotReadyError.message","decl":{"start":{"line":190,"column":15},"end":{"line":190,"column":24}},"loc":{"start":{"line":190,"column":15},"end":{"line":190,"column":24}},"line":190},"14":{"name":"metadata.metadata","decl":{"start":{"line":202,"column":13},"end":{"line":202,"column":22}},"loc":{"start":{"line":202,"column":13},"end":{"line":202,"column":22}},"line":202},"15":{"name":"dispatchEvent","decl":{"start":{"line":315,"column":2},"end":{"line":416,"column":3}},"loc":{"start":{"line":315,"column":2},"end":{"line":416,"column":3}},"line":315},"16":{"name":"extractPacketMetadata","decl":{"start":{"line":418,"column":10},"end":{"line":439,"column":3}},"loc":{"start":{"line":418,"column":10},"end":{"line":439,"column":3}},"line":418}},"f":{"0":31,"1":66,"2":66,"3":8,"4":2,"5":49,"6":46,"7":14,"8":1,"9":1,"10":5,"11":4,"12":22,"13":0,"14":0,"15":13,"16":31}}
,"/Users/liornabat/development/projects/kubemq/clients/kubemq-nestjs/src/client/kubemq-record.ts": {"path":"/Users/liornabat/development/projects/kubemq/clients/kubemq-nestjs/src/client/kubemq-record.ts","all":false,"statementMap":{"1":{"start":{"line":2,"column":0},"end":{"line":2,"column":74}},"3":{"start":{"line":4,"column":0},"end":{"line":4,"column":64}},"32":{"start":{"line":33,"column":0},"end":{"line":33,"column":43}},"34":{"start":{"line":35,"column":0},"end":{"line":35,"column":40}},"35":{"start":{"line":36,"column":0},"end":{"line":36,"column":64}},"36":{"start":{"line":37,"column":0},"end":{"line":37,"column":47}},"37":{"start":{"line":38,"column":0},"end":{"line":38,"column":50}},"38":{"start":{"line":39,"column":0},"end":{"line":39,"column":45}},"40":{"start":{"line":41,"column":0},"end":{"line":41,"column":41}},"43":{"start":{"line":44,"column":0},"end":{"line":44,"column":19}},"44":{"start":{"line":45,"column":0},"end":{"line":45,"column":25}},"45":{"start":{"line":46,"column":0},"end":{"line":46,"column":16}},"46":{"start":{"line":47,"column":0},"end":{"line":47,"column":3}},"49":{"start":{"line":50,"column":0},"end":{"line":50,"column":24}},"50":{"start":{"line":51,"column":0},"end":{"line":51,"column":31}},"51":{"start":{"line":52,"column":0},"end":{"line":52,"column":16}},"52":{"start":{"line":53,"column":0},"end":{"line":53,"column":3}},"55":{"start":{"line":56,"column":0},"end":{"line":56,"column":19}},"56":{"start":{"line":57,"column":0},"end":{"line":57,"column":25}},"57":{"start":{"line":58,"column":0},"end":{"line":58,"column":16}},"58":{"start":{"line":59,"column":0},"end":{"line":59,"column":3}},"61":{"start":{"line":62,"column":0},"end":{"line":62,"column":53}},"63":{"start":{"line":64,"column":0},"end":{"line":64,"column":49}},"64":{"start":{"line":65,"column":0},"end":{"line":65,"column":56}},"65":{"start":{"line":66,"column":0},"end":{"line":66,"column":16}},"66":{"start":{"line":67,"column":0},"end":{"line":67,"column":3}},"71":{"start":{"line":72,"column":0},"end":{"line":72,"column":48}},"72":{"start":{"line":73,"column":0},"end":{"line":73,"column":59}},"73":{"start":{"line":74,"column":0},"end":{"line":74,"column":48}},"74":{"start":{"line":75,"column":0},"end":{"line":75,"column":52}},"75":{"start":{"line":76,"column":0},"end":{"line":76,"column":18}},"76":{"start":{"line":77,"column":0},"end":{"line":77,"column":5}},"77":{"start":{"line":78,"column":0},"end":{"line":78,"column":22}},"78":{"start":{"line":79,"column":0},"end":{"line":79,"column":16}},"79":{"start":{"line":80,"column":0},"end":{"line":80,"column":3}},"82":{"start":{"line":83,"column":0},"end":{"line":83,"column":36}},"83":{"start":{"line":84,"column":0},"end":{"line":84,"column":22}},"84":{"start":{"line":85,"column":0},"end":{"line":85,"column":24}},"85":{"start":{"line":86,"column":0},"end":{"line":86,"column":101}},"86":{"start":{"line":87,"column":0},"end":{"line":87,"column":6}},"87":{"start":{"line":88,"column":0},"end":{"line":88,"column":16}},"88":{"start":{"line":89,"column":0},"end":{"line":89,"column":3}},"91":{"start":{"line":92,"column":0},"end":{"line":92,"column":41}},"92":{"start":{"line":93,"column":0},"end":{"line":93,"column":42}},"93":{"start":{"line":94,"column":0},"end":{"line":94,"column":16}},"94":{"start":{"line":95,"column":0},"end":{"line":95,"column":3}},"97":{"start":{"line":98,"column":0},"end":{"line":98,"column":39}},"98":{"start":{"line":99,"column":0},"end":{"line":99,"column":40}},"99":{"start":{"line":100,"column":0},"end":{"line":100,"column":16}},"100":{"start":{"line":101,"column":0},"end":{"line":101,"column":3}},"103":{"start":{"line":104,"column":0},"end":{"line":104,"column":54}},"104":{"start":{"line":105,"column":0},"end":{"line":105,"column":22}},"105":{"start":{"line":106,"column":0},"end":{"line":106,"column":3}},"108":{"start":{"line":109,"column":0},"end":{"line":109,"column":52}},"109":{"start":{"line":110,"column":0},"end":{"line":110,"column":26}},"110":{"start":{"line":111,"column":0},"end":{"line":111,"column":3}},"113":{"start":{"line":114,"column":0},"end":{"line":114,"column":47}},"114":{"start":{"line":115,"column":0},"end":{"line":115,"column":22}},"115":{"start":{"line":116,"column":0},"end":{"line":116,"column":3}},"116":{"start":{"line":117,"column":0},"end":{"line":117,"column":1}},"119":{"start":{"line":120,"column":0},"end":{"line":120,"column":71}},"120":{"start":{"line":121,"column":0},"end":{"line":121,"column":10}},"121":{"start":{"line":122,"column":0},"end":{"line":122,"column":21}},"122":{"start":{"line":123,"column":0},"end":{"line":123,"column":32}},"123":{"start":{"line":124,"column":0},"end":{"line":124,"column":36}},"124":{"start":{"line":125,"column":0},"end":{"line":125,"column":69}},"126":{"start":{"line":127,"column":0},"end":{"line":127,"column":1}}},"s":{"1":1,"3":1,"32":1,"34":1,"35":1,"36":1,"37":1,"38":1,"40":1,"43":1,"44":7,"45":7,"46":7,"49":1,"50":3,"51":3,"52":3,"55":1,"56":7,"57":7,"58":7,"61":1,"63":4,"64":4,"65":4,"66":4,"71":1,"72":1,"73":1,"74":2,"75":1,"76":1,"77":1,"78":1,"79":1,"82":1,"83":2,"84":2,"85":2,"86":2,"87":2,"88":2,"91":1,"92":1,"93":1,"94":1,"97":1,"98":2,"99":2,"100":2,"103":1,"104":22,"105":22,"108":1,"109":19,"110":19,"113":1,"114":20,"115":20,"116":1,"119":1,"120":35,"121":35,"122":34,"123":33,"124":17,"126":35},"branchMap":{"0":{"type":"branch","line":41,"loc":{"start":{"line":41,"column":2},"end":{"line":41,"column":41}},"locations":[{"start":{"line":41,"column":2},"end":{"line":41,"column":41}}]},"1":{"type":"branch","line":44,"loc":{"start":{"line":44,"column":2},"end":{"line":47,"column":3}},"locations":[{"start":{"line":44,"column":2},"end":{"line":47,"column":3}}]},"2":{"type":"branch","line":50,"loc":{"start":{"line":50,"column":2},"end":{"line":53,"column":3}},"locations":[{"start":{"line":50,"column":2},"end":{"line":53,"column":3}}]},"3":{"type":"branch","line":56,"loc":{"start":{"line":56,"column":2},"end":{"line":59,"column":3}},"locations":[{"start":{"line":56,"column":2},"end":{"line":59,"column":3}}]},"4":{"type":"branch","line":62,"loc":{"start":{"line":62,"column":2},"end":{"line":67,"column":3}},"locations":[{"start":{"line":62,"column":2},"end":{"line":67,"column":3}}]},"5":{"type":"branch","line":72,"loc":{"start":{"line":72,"column":2},"end":{"line":80,"column":3}},"locations":[{"start":{"line":72,"column":2},"end":{"line":80,"column":3}}]},"6":{"type":"branch","line":74,"loc":{"start":{"line":74,"column":47},"end":{"line":77,"column":5}},"locations":[{"start":{"line":74,"column":47},"end":{"line":77,"column":5}}]},"7":{"type":"branch","line":75,"loc":{"start":{"line":75,"column":43},"end":{"line":77,"column":5}},"locations":[{"start":{"line":75,"column":43},"end":{"line":77,"column":5}}]},"8":{"type":"branch","line":83,"loc":{"start":{"line":83,"column":2},"end":{"line":89,"column":3}},"locations":[{"start":{"line":83,"column":2},"end":{"line":89,"column":3}}]},"9":{"type":"branch","line":92,"loc":{"start":{"line":92,"column":2},"end":{"line":95,"column":3}},"locations":[{"start":{"line":92,"column":2},"end":{"line":95,"column":3}}]},"10":{"type":"branch","line":98,"loc":{"start":{"line":98,"column":2},"end":{"line":101,"column":3}},"locations":[{"start":{"line":98,"column":2},"end":{"line":101,"column":3}}]},"11":{"type":"branch","line":104,"loc":{"start":{"line":104,"column":2},"end":{"line":106,"column":3}},"locations":[{"start":{"line":104,"column":2},"end":{"line":106,"column":3}}]},"12":{"type":"branch","line":109,"loc":{"start":{"line":109,"column":2},"end":{"line":111,"column":3}},"locations":[{"start":{"line":109,"column":2},"end":{"line":111,"column":3}}]},"13":{"type":"branch","line":114,"loc":{"start":{"line":114,"column":2},"end":{"line":116,"column":3}},"locations":[{"start":{"line":114,"column":2},"end":{"line":116,"column":3}}]},"14":{"type":"branch","line":120,"loc":{"start":{"line":120,"column":7},"end":{"line":127,"column":1}},"locations":[{"start":{"line":120,"column":7},"end":{"line":127,"column":1}}]},"15":{"type":"branch","line":122,"loc":{"start":{"line":122,"column":14},"end":{"line":123,"column":32}},"locations":[{"start":{"line":122,"column":14},"end":{"line":123,"column":32}}]},"16":{"type":"branch","line":123,"loc":{"start":{"line":123,"column":21},"end":{"line":124,"column":36}},"locations":[{"start":{"line":123,"column":21},"end":{"line":124,"column":36}}]},"17":{"type":"branch","line":124,"loc":{"start":{"line":124,"column":28},"end":{"line":125,"column":69}},"locations":[{"start":{"line":124,"column":28},"end":{"line":125,"column":69}}]}},"b":{"0":[27],"1":[7],"2":[3],"3":[7],"4":[4],"5":[1],"6":[2],"7":[1],"8":[2],"9":[1],"10":[2],"11":[22],"12":[19],"13":[20],"14":[35],"15":[34],"16":[33],"17":[17]},"fnMap":{"0":{"name":"KubeMQRecord","decl":{"start":{"line":41,"column":2},"end":{"line":41,"column":41}},"loc":{"start":{"line":41,"column":2},"end":{"line":41,"column":41}},"line":41},"1":{"name":"asQuery","decl":{"start":{"line":44,"column":2},"end":{"line":47,"column":3}},"loc":{"start":{"line":44,"column":2},"end":{"line":47,"column":3}},"line":44},"2":{"name":"asEventStore","decl":{"start":{"line":50,"column":2},"end":{"line":53,"column":3}},"loc":{"start":{"line":50,"column":2},"end":{"line":53,"column":3}},"line":50},"3":{"name":"asQueue","decl":{"start":{"line":56,"column":2},"end":{"line":59,"column":3}},"loc":{"start":{"line":56,"column":2},"end":{"line":59,"column":3}},"line":56},"4":{"name":"withMetadata","decl":{"start":{"line":62,"column":2},"end":{"line":67,"column":3}},"loc":{"start":{"line":62,"column":2},"end":{"line":67,"column":3}},"line":62},"5":{"name":"withTags","decl":{"start":{"line":72,"column":2},"end":{"line":80,"column":3}},"loc":{"start":{"line":72,"column":2},"end":{"line":80,"column":3}},"line":72},"6":{"name":"withDelay","decl":{"start":{"line":83,"column":2},"end":{"line":89,"column":3}},"loc":{"start":{"line":83,"column":2},"end":{"line":89,"column":3}},"line":83},"7":{"name":"withIdempotencyKey","decl":{"start":{"line":92,"column":2},"end":{"line":95,"column":3}},"loc":{"start":{"line":92,"column":2},"end":{"line":95,"column":3}},"line":92},"8":{"name":"withCorrelationId","decl":{"star
[...]
ine":76,"loc":{"start":{"line":76,"column":4},"end":{"line":79,"column":5}},"locations":[{"start":{"line":76,"column":4},"end":{"line":79,"column":5}}]},"31":{"type":"branch","line":86,"loc":{"start":{"line":86,"column":9},"end":{"line":105,"column":3}},"locations":[{"start":{"line":86,"column":9},"end":{"line":105,"column":3}}]},"32":{"type":"branch","line":87,"loc":{"start":{"line":87,"column":25},"end":{"line":87,"column":42}},"locations":[{"start":{"line":87,"column":25},"end":{"line":87,"column":42}}]},"33":{"type":"branch","line":87,"loc":{"start":{"line":87,"column":32},"end":{"line":99,"column":46}},"locations":[{"start":{"line":87,"column":32},"end":{"line":99,"column":46}}]},"34":{"type":"branch","line":87,"loc":{"start":{"line":87,"column":32},"end":{"line":89,"column":21}},"locations":[{"start":{"line":87,"column":32},"end":{"line":89,"column":21}}]},"35":{"type":"branch","line":89,"loc":{"start":{"line":89,"column":14},"end":{"line":89,"column":31}},"locations":[{"start":{"line":89,"column":14},"end":{"line":89,"column":31}}]},"36":{"type":"branch","line":89,"loc":{"start":{"line":89,"column":21},"end":{"line":93,"column":24}},"locations":[{"start":{"line":89,"column":21},"end":{"line":93,"column":24}}]},"37":{"type":"branch","line":93,"loc":{"start":{"line":93,"column":17},"end":{"line":93,"column":34}},"locations":[{"start":{"line":93,"column":17},"end":{"line":93,"column":34}}]},"38":{"type":"branch","line":93,"loc":{"start":{"line":93,"column":24},"end":{"line":99,"column":36}},"locations":[{"start":{"line":93,"column":24},"end":{"line":99,"column":36}}]},"39":{"type":"branch","line":99,"loc":{"start":{"line":99,"column":24},"end":{"line":99,"column":46}},"locations":[{"start":{"line":99,"column":24},"end":{"line":99,"column":46}}]},"40":{"type":"branch","line":102,"loc":{"start":{"line":102,"column":4},"end":{"line":104,"column":5}},"locations":[{"start":{"line":102,"column":4},"end":{"line":104,"column":5}}]},"41":{"type":"branch","line":107,"loc":{"start":{"line":107,"column":9},"end":{"line":120,"column":3}},"locations":[{"start":{"line":107,"column":9},"end":{"line":120,"column":3}}]},"42":{"type":"branch","line":108,"loc":{"start":{"line":108,"column":25},"end":{"line":108,"column":35}},"locations":[{"start":{"line":108,"column":25},"end":{"line":108,"column":35}}]},"43":{"type":"branch","line":108,"loc":{"start":{"line":108,"column":33},"end":{"line":110,"column":21}},"locations":[{"start":{"line":108,"column":33},"end":{"line":110,"column":21}}]},"44":{"type":"branch","line":110,"loc":{"start":{"line":110,"column":14},"end":{"line":110,"column":24}},"locations":[{"start":{"line":110,"column":14},"end":{"line":110,"column":24}}]},"45":{"type":"branch","line":110,"loc":{"start":{"line":110,"column":22},"end":{"line":116,"column":12}},"locations":[{"start":{"line":110,"column":22},"end":{"line":116,"column":12}}]},"46":{"type":"branch","line":116,"loc":{"start":{"line":116,"column":4},"end":{"line":118,"column":5}},"locations":[{"start":{"line":116,"column":4},"end":{"line":118,"column":5}}]},"47":{"type":"branch","line":118,"loc":{"start":{"line":118,"column":4},"end":{"line":119,"column":16}},"locations":[{"start":{"line":118,"column":4},"end":{"line":119,"column":16}}]}},"b":{"0":[17],"1":[13],"2":[0],"3":[0],"4":[12],"5":[1],"6":[7],"7":[7],"8":[3],"9":[3],"10":[2],"11":[2],"12":[114],"13":[13],"14":[35],"15":[32],"16":[4],"17":[3],"18":[1],"19":[2],"20":[1],"21":[30],"22":[5],"23":[26],"24":[6],"25":[4],"26":[1],"27":[3],"28":[1],"29":[2],"30":[1],"31":[25],"32":[21],"33":[5],"34":[4],"35":[0],"36":[4],"37":[1],"38":[2],"39":[1],"40":[1],"41":[4],"42":[1],"43":[3],"44":[1],"45":[2],"46":[1],"47":[2]},"fnMap":{"0":{"name":"loadOtel","decl":{"start":{"line":7,"column":0},"end":{"line":9,"column":1}},"loc":{"start":{"line":7,"column":0},"end":{"line":9,"column":1}},"line":7},"1":{"name":"ensureOtelLoaded","decl":{"start":{"line":11,"column":0},"end":{"line":21,"column":1}},"loc":{"start":{"line":11,"column":0},"end":{"line":21,"column":1}},"line":11},"2":{"name":"TagCarrier","decl":{"start":{"line":28,"column":2},"end":{"line":28,"column":53}},"loc":{"start":{"line":28,"column":2},"end":{"line":28,"column":53}},"line":28},"3":{"name":"<instance_members_initializer>","decl":{"start":{"line":28,"column":21},"end":{"line":28,"column":51}},"loc":{"start":{"line":28,"column":21},"end":{"line":28,"column":51}},"line":28},"4":{"name":"get","decl":{"start":{"line":29,"column":2},"end":{"line":29,"column":65}},"loc":{"start":{"line":29,"column":2},"end":{"line":29,"column":65}},"line":29},"5":{"name":"set","decl":{"start":{"line":30,"column":2},"end":{"line":30,"column":67}},"loc":{"start":{"line":30,"column":2},"end":{"line":30,"column":67}},"line":30},"6":{"name":"keys","decl":{"start":{"line":31,"column":2},"end":{"line":31,"column":53}},"loc":{"start":{"line":31,"column":2},"end":{"line":31,"column":53}},"line":31},"7":{"name":"get","decl":{"start":{"line":35,"column":2},"end":{"line":35,"column":89}},"loc":{"start":{"line":35,"column":2},"end":{"line":35,"column":89}},"line":35},"8":{"name":"keys","decl":{"start":{"line":36,"column":2},"end":{"line":36,"column":65}},"loc":{"start":{"line":36,"column":2},"end":{"line":36,"column":65}},"line":36},"9":{"name":"set","decl":{"start":{"line":40,"column":2},"end":{"line":40,"column":90}},"loc":{"start":{"line":40,"column":2},"end":{"line":40,"column":90}},"line":40},"10":{"name":"initialize","decl":{"start":{"line":45,"column":2},"end":{"line":47,"column":3}},"loc":{"start":{"line":45,"column":2},"end":{"line":47,"column":3}},"line":45},"11":{"name":"injectIntoTags","decl":{"start":{"line":49,"column":9},"end":{"line":60,"column":3}},"loc":{"start":{"line":49,"column":9},"end":{"line":60,"column":3}},"line":49},"12":{"name":"extractContext","decl":{"start":{"line":62,"column":9},"end":{"line":80,"column":3}},"loc":{"start":{"line":62,"column":9},"end":{"line":80,"column":3}},"line":62},"13":{"name":"serializeSpanContext","decl":{"start":{"line":86,"column":9},"end":{"line":105,"column":3}},"loc":{"start":{"line":86,"column":9},"end":{"line":105,"column":3}},"line":86},"14":{"name":"getTraceTagsFromContext","decl":{"start":{"line":107,"column":9},"end":{"line":120,"column":3}},"loc":{"start":{"line":107,"column":9},"end":{"line":120,"column":3}},"line":107}},"f":{"0":17,"1":13,"2":7,"3":7,"4":3,"5":3,"6":2,"7":0,"8":0,"9":2,"10":114,"11":35,"12":30,"13":25,"14":4}}
,"/Users/liornabat/development/projects/kubemq/clients/kubemq-nestjs/src/utils/error-helpers.ts": {"path":"/Users/liornabat/development/projects/kubemq/clients/kubemq-nestjs/src/utils/error-helpers.ts","all":false,"statementMap":{"5":{"start":{"line":6,"column":0},"end":{"line":6,"column":60}},"6":{"start":{"line":7,"column":0},"end":{"line":7,"column":59}},"7":{"start":{"line":8,"column":0},"end":{"line":8,"column":53}},"8":{"start":{"line":9,"column":0},"end":{"line":9,"column":73}},"9":{"start":{"line":10,"column":0},"end":{"line":10,"column":18}},"10":{"start":{"line":11,"column":0},"end":{"line":11,"column":5}},"11":{"start":{"line":12,"column":0},"end":{"line":12,"column":3}},"12":{"start":{"line":13,"column":0},"end":{"line":13,"column":27}},"13":{"start":{"line":14,"column":0},"end":{"line":14,"column":12}},"14":{"start":{"line":15,"column":0},"end":{"line":15,"column":91}},"16":{"start":{"line":17,"column":0},"end":{"line":17,"column":3}},"17":{"start":{"line":18,"column":0},"end":{"line":18,"column":15}},"18":{"start":{"line":19,"column":0},"end":{"line":19,"column":1}},"27":{"start":{"line":28,"column":0},"end":{"line":28,"column":58}},"28":{"start":{"line":29,"column":0},"end":{"line":29,"column":60}},"29":{"start":{"line":30,"column":0},"end":{"line":30,"column":45}},"30":{"start":{"line":31,"column":0},"end":{"line":31,"column":6}},"31":{"start":{"line":32,"column":0},"end":{"line":32,"column":33}},"32":{"start":{"line":33,"column":0},"end":{"line":33,"column":32}},"33":{"start":{"line":34,"column":0},"end":{"line":34,"column":33}},"34":{"start":{"line":35,"column":0},"end":{"line":35,"column":35}},"35":{"start":{"line":36,"column":0},"end":{"line":36,"column":34}},"36":{"start":{"line":37,"column":0},"end":{"line":37,"column":5}},"37":{"start":{"line":38,"column":0},"end":{"line":38,"column":16}},"38":{"start":{"line":39,"column":0},"end":{"line":39,"column":3}},"39":{"start":{"line":40,"column":0},"end":{"line":40,"column":47}},"40":{"start":{"line":41,"column":0},"end":{"line":41,"column":6}},"41":{"start":{"line":42,"column":0},"end":{"line":42,"column":29}},"42":{"start":{"line":43,"column":0},"end":{"line":43,"column":35}},"43":{"start":{"line":44,"column":0},"end":{"line":44,"column":33}},"44":{"start":{"line":45,"column":0},"end":{"line":45,"column":5}},"45":{"start":{"line":46,"column":0},"end":{"line":46,"column":16}},"46":{"start":{"line":47,"column":0},"end":{"line":47,"column":3}},"47":{"start":{"line":48,"column":0},"end":{"line":48,"column":63}},"48":{"start":{"line":49,"column":0},"end":{"line":49,"column":85}},"49":{"start":{"line":50,"column":0},"end":{"line":50,"column":16}},"50":{"start":{"line":51,"column":0},"end":{"line":51,"column":3}},"51":{"start":{"line":52,"column":0},"end":{"line":52,"column":15}},"52":{"start":{"line":53,"column":0},"end":{"line":53,"column":1}},"57":{"start":{"line":58,"column":0},"end":{"line":58,"column":46}},"58":{"start":{"line":59,"column":0},"end":{"line":59,"column":61}},"59":{"start":{"line":60,"column":0},"end":{"line":60,"column":1}},"65":{"start":{"line":66,"column":0},"end":{"line":66,"column":52}},"66":{"start":{"line":67,"column":0},"end":{"line":67,"column":58}},"67":{"start":{"line":68,"column":0},"end":{"line":68,"column":1}}},"s":{"5":1,"6":11,"7":2,"8":2,"9":2,"10":2,"11":2,"12":11,"13":4,"14":4,"16":4,"17":5,"18":5,"27":1,"28":20,"29":20,"30":20,"31":20,"32":16,"33":15,"34":14,"35":13,"36":20,"37":5,"38":5,"39":12,"40":12,"41":12,"42":11,"43":10,"44":20,"45":3,"46":3,"47":20,"48":20,"49":6,"50":6,"51":3,"52":3,"57":1,"58":18,"59":18,"65":1,"66":43,"67":43},"branchMap":{"0":{"type":"branch","line":6,"loc":{"start":{"line":6,"column":7},"end":{"line":19,"column":1}},"locations":[{"start":{"line":6,"column":7},"end":{"line":19,"column":1}}]},"1":{"type":"branch","line":7,"loc":{"start":{"line":7,"column":19},"end":{"line":7,"column":45}},"locations":[{"start":{"line":7,"column":19},"end":{"line":7,"column":45}}]},"2":{"type":"branch","line":7,"loc":{"start":{"line":7,"column":37},"end":{"line":7,"column":58}},"locations":[{"start":{"line":7,"column":37},"end":{"line":7,"column":58}}]},"3":{"type":"branch","line":7,"loc":{"start":{"line":7,"column":58},"end":{"line":12,"column":3}},"locations":[{"start":{"line":7,"column":58},"end":{"line":12,"column":3}}]},"4":{"type":"branch","line":9,"loc":{"start":{"line":9,"column":17},"end":{"line":9,"column":72}},"locations":[{"start":{"line":9,"column":17},"end":{"line":9,"column":72}}]},"5":{"type":"branch","line":12,"loc":{"start":{"line":12,"column":2},"end":{"line":13,"column":26}},"locations":[{"start":{"line":12,"column":2},"end":{"line":13,"column":26}}]},"6":{"type":"branch","line":13,"loc":{"start":{"line":13,"column":26},"end":{"line":17,"column":3}},"locations":[{"start":{"line":13,"column":26},"end":{"line":17,"column":3}}]},"7":{"type":"branch","line":15,"loc":{"start":{"line":15,"column":45},"end":{"line":15,"column":91}},"locations":[{"start":{"line":15,"column":45},"end":{"line":15,"column":91}}]},"8":{"type":"branch","line":17,"loc":{"start":{"line":17,"column":2},"end":{"line":19,"column":1}},"locations":[{"start":{"line":17,"column":2},"end":{"line":19,"column":1}}]},"9":{"type":"branch","line":28,"loc":{"start":{"line":28,"column":7},"end":{"line":53,"column":1}},"locations":[{"start":{"line":28,"column":7},"end":{"line":53,"column":1}}]},"10":{"type":"branch","line":29,"loc":{"start":{"line":29,"column":14},"end":{"line":29,"column":47}},"locations":[{"start":{"line":29,"column":14},"end":{"line":29,"column":47}}]},"11":{"type":"branch","line":29,"loc":{"start":{"line":29,"column":47},"end":{"line":29,"column":60}},"locations":[{"start":{"line":29,"column":47},"end":{"line":29,"column":60}}]},"12":{"type":"branch","line":29,"loc":{"start":{"line":29,"column":54},"end":{"line":30,"column":42}},"locations":[{"start":{"line":29,"column":54},"end":{"line":30,"column":42}}]},"13":{"type":"branch","line":30,"loc":{"start":{"line":30,"column":34},"end":{"line":30,"column":45}},"locations":[{"start":{"line":30,"column":34},"end":{"line":30,"column":45}}]},"14":{"type":"branch","line":32,"loc":{"start":{"line":32,"column":13},"end":{"line":33,"column":32}},"locations":[{"start":{"line":32,"column":13},"end":{"line":33,"column":32}}]},"15":{"type":"branch","line":33,"loc":{"start":{"line":33,"column":13},"end":{"line":34,"column":33}},"locations":[{"start":{"line":33,"column":13},"end":{"line":34,"column":33}}]},"16":{"type":"branch","line":34,"loc":{"start":{"line":34,"column":13},"end":{"line":35,"column":35}},"locations":[{"start":{"line":34,"column":13},"end":{"line":35,"column":35}}]},"17":{"type":"branch","line":35,"loc":{"start":{"line":35,"column":13},"end":{"line":36,"column":34}},"locations":[{"start":{"line":35,"column":13},"end":{"line":36,"column":34}}]},"18":{"type":"branch","line":37,"loc":{"start":{"line":37,"column":4},"end":{"line":39,"column":3}},"locations":[{"start":{"line":37,"column":4},"end":{"line":39,"column":3}}]},"19":{"type":"branch","line":39,"loc":{"start":{"line":39,"column":2},"end":{"line":42,"column":29}},"locations":[{"start":{"line":39,"column":2},"end":{"line":42,"column":29}}]},"20":{"type":"branch","line":42,"loc":{"start":{"line":42,"column":13},"end":{"line":43,"column":35}},"locations":[{"start":{"line":42,"column":13},"end":{"line":43,"column":35}}]},"21":{"type":"branch","line":43,"loc":{"start":{"line":43,"column":13},"end":{"line":44,"column":33}},"locations":[{"start":{"line":43,"column":13},"end":{"line":44,"column":33}}]},"22":{"type":"branch","line":45,"loc":{"start":{"line":45,"column":4},"end":{"line":47,"column":3}},"locations":[{"start":{"line":45,"column":4},"end":{"line":47,"column":3}}]},"23":{"type":"branch","line":47,"loc":{"start":{"line":47,"column":2},"end":{"line":48,"column":51}},"locations":[{"start":{"line":47,"column":2},"end":{"line":48,"column":51}}]},"24":{"type":"branch","line":48,"loc":{"start":{"line":48,"column":41},"end":{"line":48,"column":63}},"locations":[{"start":{"line":48,"column":41},"end":{"line":48,"column":63}}]},"25":{"type":"branch","line":49,"loc":{"start":{"line":49,"column":84},"end":{"line":51,"column":3}},"locations":[{"start":{"line":49,"column":84},"end":{"line":51,"column":3}}]},"26":{"type":"branch","line":51,"loc":{"start":{"line":51,"column":2},"end":{"line":53,"column":1}},"locations":[{"start":{"line":51,"column":2},"end":{"line":53,"column":1}}]},"27":{"type":"branch","line":58,"loc":{"start":{"line":58,"column":7},"end":{"line":60,"column":1}},"locations":[{"start":{"line":58,"column":7},"end":{"line":60,"column":1}}]},"28":{"type":"branch","line":59,"loc":{"start":{"line":59,"column":24},"end":{"line":59,"column":38}},"locations":[{"start":{"line":59,"column":24},"end":{"line":59,"column":38}}]},"29":{"type":"branch","line":59,"loc":{"start":{"line":59,"column":32},"end":{"line":59,"column":61}},"locations":[{"start":{"line":59,"column":32},"end":{"line":59,"column":61}}]},"30":{"type":"branch","line":66,"loc":{"start":{"line":66,"column":7},"end":{"line":68,"column":1}},"locations":[{"start":{"line":66,"column":7},"end":{"line":68,"column":1}}]},"31":{"type":"branch","line":67,"loc":{"start":{"line":67,"column":24},"end":{"line":67,"column":46}},"locations":[{"start":{"line":67,"column":24},"end":{"line":67,"column":46}}]},"32":{"type":"branch","line":67,"loc":{"start":{"line":67,"column":36},"end":{"line":67,"column":58}},"locations":[{"start":{"line":67,"column":36},"end":{"line":67,"column":58}}]}},"b":{"0":[11],"1":[8],"2":[7],"3":[2],"4":[1],"5":[9],"6":[4],"7":[3],"8":[5],"9":[20],"10":[19],"11":[3],"12":[17],"13":[0],"14":[16],"15":[15],"16":[14],"17":[13],"18":[5],"19":[12],"20":[11],"21":[10],"22":[3],"23":[9],"24":[0],"25":[6],"26":[3],"27":[18],"28":[14],"29":[4],"30":[43],"31":[38],"32":[5]},"fnMap":{"0":{"name":"isModuleNotFoundError","decl":{"start":{"line":6,"column":7},"end":{"line":19,"column":1}},"loc":{"start":{"line":6,"column":7},"end":{"line":19,"column":1}},"line":6},"1":{"name":"isConnectionError","decl":{"start":{"line":28,"column":7},"end":{"line":53,"column":1}},"loc":{"start":{"line":28,"column":7},"end":{"line":53,"column":1}},"line":28},"2":{"name":"toError","decl":{"start":{"line":58,"column":7},"end":{"line":60,"column":1}},"loc":{"start":{"line":58,"column":7},"end":{"line":60,"column":1}},"line":58},"3":{"name":"errorMessage","decl":{"start":{"line":66,"column":7},"end":{"line":68,"column":1}},"loc":{"start":{"line":66,"column":7},"end":{"line":68,"column":1}},"line":66}},"f":{"0":11,"1":20,"2":18,"3":43}}
,"/Users/liornabat/development/projects/kubemq/clients/kubemq-nestjs/src/utils/safe-stringify.ts": {"path":"/Users/liornabat/development/projects/kubemq/clients/kubemq-nestjs/src/utils/safe-stringify.ts","all":false,"statementMap":{"6":{"start":{"line":7,"column":0},"end":{"line":7,"column":55}},"7":{"start":{"line":8,"column":0},"end":{"line":8,"column":7}},"8":{"start":{"line":9,"column":0},"end":{"line":9,"column":31}},"9":{"start":{"line":10,"column":0},"end":{"line":10,"column":58}},"10":{"start":{"line":11,"column":0},"end":{"line":11,"column":52}},"11":{"start":{"line":12,"column":0},"end":{"line":12,"column":47}},"12":{"start":{"line":13,"column":0},"end":{"line":13,"column":22}},"13":{"start":{"line":14,"column":0},"end":{"line":14,"column":7}},"14":{"start":{"line":15,"column":0},"end":{"line":15,"column":17}},"15":{"start":{"line":16,"column":0},"end":{"line":16,"column":7}},"16":{"start":{"line":17,"column":0},"end":{"line":17,"column":11}},"17":{"start":{"line":18,"column":0},"end":{"line":18,"column":30}},"18":{"start":{"line":19,"column":0},"end":{"line":19,"column":3}},"19":{"start":{"line":20,"column":0},"end":{"line":20,"column":1}}},"s":{"6":1,"7":8,"8":8,"9":8,"10":19,"11":9,"12":7,"13":7,"14":17,"15":8,"16":8,"17":1,"18":1,"19":8},"branchMap":{"0":{"type":"branch","line":7,"loc":{"start":{"line":7,"column":7},"end":{"line":20,"column":1}},"locations":[{"start":{"line":7,"column":7},"end":{"line":20,"column":1}}]},"1":{"type":"branch","line":17,"loc":{"start":{"line":17,"column":2},"end":{"line":19,"column":3}},"locations":[{"start":{"line":17,"column":2},"end":{"line":19,"column":3}}]},"2":{"type":"branch","line":10,"loc":{"start":{"line":10,"column":33},"end":{"line":16,"column":5}},"locations":[{"start":{"line":10,"column":33},"end":{"line":16,"column":5}}]},"3":{"type":"branch","line":11,"loc":{"start":{"line":11,"column":25},"end":{"line":11,"column":51}},"locations":[{"start":{"line":11,"column":25},"end":{"line":11,"column":51}}]},"4":{"type":"branch","line":11,"loc":{"start":{"line":11,"column":51},"end":{"line":14,"column":7}},"locations":[{"start":{"line":11,"column":51},"end":{"line":14,"column":7}}]},"5":{"type":"branch","line":12,"loc":{"start":{"line":12,"column":27},"end":{"line":12,"column":47}},"locations":[{"start":{"line":12,"column":27},"end":{"line":12,"column":47}}]},"6":{"type":"branch","line":12,"loc":{"start":{"line":12,"column":34},"end":{"line":14,"column":7}},"locations":[{"start":{"line":12,"column":34},"end":{"line":14,"column":7}}]},"7":{"type":"branch","line":14,"loc":{"start":{"line":14,"column":6},"end":{"line":15,"column":17}},"locations":[{"start":{"line":14,"column":6},"end":{"line":15,"column":17}}]}},"b":{"0":[8],"1":[1],"2":[19],"3":[9],"4":[9],"5":[2],"6":[7],"7":[17]},"fnMap":{"0":{"name":"safeStringify","decl":{"start":{"line":7,"column":7},"end":{"line":20,"column":1}},"loc":{"start":{"line":7,"column":7},"end":{"line":20,"column":1}},"line":7}},"f":{"0":8}}
}
